2020-01-13 21:07:17,244 [      0]   INFO -        #com.intellij.idea.Main - ------------------------------------------------------ IDE STARTED ------------------------------------------------------ 
2020-01-13 21:07:17,266 [     22]   INFO -        #com.intellij.idea.Main - initializing environment 
2020-01-13 21:07:17,276 [     32]   INFO -        #com.intellij.idea.Main - IDE: IntelliJ IDEA (build #IC-192.6817.14, 24 Sep 2019 00:39) 
2020-01-13 21:07:17,276 [     32]   INFO -        #com.intellij.idea.Main - OS: Mac OS X (10.14.5, x86_64) 
2020-01-13 21:07:17,276 [     32]   INFO -        #com.intellij.idea.Main - JRE: 11.0.4+10-b304.69 (JetBrains s.r.o) 
2020-01-13 21:07:17,276 [     32]   INFO -        #com.intellij.idea.Main - JVM: 11.0.4+10-b304.69 (OpenJDK 64-Bit Server VM) 
2020-01-13 21:07:17,276 [     32]   INFO - .intellij.util.EnvironmentUtil - loading shell env: /bin/zsh -l -i -c '/Users/josh/.gradle/caches/modules-2/files-2.1/com.jetbrains.intellij.idea/ideaIC/2019.2.3/654e395e5806d1f0a4741d2f324e48012be56949/ideaIC-2019.2.3/bin/printenv.py' '/private/var/folders/92/xgky6q4j0jzfz8s1qdkx0m0h0000gp/T/intellij-shell-env.tmp' 
2020-01-13 21:07:17,277 [     33]   INFO -        #com.intellij.idea.Main - JVM Args: -Dapple.awt.fileDialogForDirectories=true -Dapple.laf.useScreenMenuBar=true -Didea.classpath.index.enabled=false -Didea.config.path=/Users/josh/Desktop/Projects/CRUDTests/build/idea-sandbox/config -Didea.is.internal=true -Didea.platform.prefix=Idea -Didea.plugins.path=/Users/josh/Desktop/Projects/CRUDTests/build/idea-sandbox/plugins -Didea.required.plugins.id=xyz.sbgtools.CRUDtests -Didea.smooth.progress=false -Didea.system.path=/Users/josh/Desktop/Projects/CRUDTests/build/idea-sandbox/system -Xms256m -Xmx512m -Dfile.encoding=UTF-8 -Duser.country=US -Duser.language=en -Duser.variant -ea 
2020-01-13 21:07:17,277 [     33]   INFO -        #com.intellij.idea.Main - charsets: JNU=UTF-8 file=UTF-8 
2020-01-13 21:07:17,372 [    128]   INFO -        #com.intellij.idea.Main - JNA library (64-bit) loaded in 69 ms 
2020-01-13 21:07:17,768 [    524]   INFO - plication.impl.ApplicationImpl - CPU cores: 4; ForkJoinPool.commonPool: java.util.concurrent.ForkJoinPool@2bae289a[Running, parallelism = 3, size = 0, active = 0, running = 0, steals = 0, tasks = 0, submissions = 0]; factory: com.intellij.concurrency.IdeaForkJoinWorkerThreadFactory@3e55f636 
2020-01-13 21:07:18,020 [    776]   INFO - .intellij.util.EnvironmentUtil - shell environment loaded (22 vars) 
2020-01-13 21:07:20,765 [   3521]   INFO - m.intellij.ui.mac.touchbar.NST - touchbar-server isn't running, skip nst loading 
2020-01-13 21:07:24,931 [   7687]   INFO - tellij.diagnostic.LoadingPhase - Reached SPLASH loading phase 
2020-01-13 21:07:25,385 [   8141]   INFO - llij.ide.plugins.PluginManager - Cannot find optional descriptor duplicates-groovy.xml 
2020-01-13 21:07:25,388 [   8144]   INFO - llij.ide.plugins.PluginManager - Cannot find optional descriptor duplicates-detection-groovy.xml 
2020-01-13 21:07:25,429 [   8185]   INFO - llij.ide.plugins.PluginManager - Cannot find optional descriptor profiler-java.xml 
2020-01-13 21:07:25,624 [   8380]   INFO - llij.ide.plugins.PluginManager - Loaded bundled plugins: Android Support (10.3.4), Ant (192.6817.14), Bytecode Viewer (192.6817.14), ChangeReminder (192.6817.14), Configuration Script (192.6817.14), Copyright (192.6817.14), Coverage (192.6817.14), Eclipse Interoperability (192.6817.14), EditorConfig (192.6817.14), Git (192.6817.14), GitHub (192.6817.14), Gradle (192.6817.14), Gradle-Maven (192.6817.14), Groovy (192.6817.14), IDEA CORE (192.6817.14), IntelliLang (192.6817.14), JUnit (192.6817.14), Java (192.6817.14), Java Bytecode Decompiler (192.6817.14), Java IDE Customization (192.6817.14), Java Internationalization (192.6817.14), Java Stream Debugger (192.6817.14), JavaFX (192.6817.14), Kotlin (1.3.41-release-IJ2019.2-1), Machine Learning Code Completion (192.6817.14), Markdown (192.6817.14), Maven (192.6817.14), Mercurial (192.6817.14), Plugin DevKit (192.6817.14), Properties (192.6817.14), Settings Repository (192.6817.14), Shell Script (192.6817.14), Smali Support (192.6817.14), Subversion (192.6817.14), Task Management (192.6817.14), Terminal (192.6817.14), TestNG (192.6817.14), TextMate bundles (192.6817.14), UI Designer (192.6817.14), XPathView + XSLT (192.6817.14), XSLT Debugger (192.6817.14), YAML (192.6817.14) 
2020-01-13 21:07:25,624 [   8380]   INFO - llij.ide.plugins.PluginManager - Loaded custom plugins: TestPlugin (1.0-SNAPSHOT) 
2020-01-13 21:07:26,391 [   9147]   INFO - tellij.diagnostic.LoadingPhase - Reached CONFIGURATION_STORE_INITIALIZED loading phase 
2020-01-13 21:07:26,465 [   9221]   INFO - ellij.vfs.persistent.FSRecords - Marking VFS as corrupted: '/Users/josh/Desktop/Projects/CRUDTests/build/idea-sandbox/system/caches/names.dat' does not exist 
2020-01-13 21:07:26,467 [   9223]   INFO - ellij.util.io.PagedFileStorage - lower=100; upper=492; buffer=10; max=492 
2020-01-13 21:07:26,520 [   9276]   INFO - pl.local.NativeFileWatcherImpl - Starting file watcher: /Users/josh/.gradle/caches/modules-2/files-2.1/com.jetbrains.intellij.idea/ideaIC/2019.2.3/654e395e5806d1f0a4741d2f324e48012be56949/ideaIC-2019.2.3/bin/mac/fsnotifier 
2020-01-13 21:07:26,546 [   9302]   INFO - pl.local.NativeFileWatcherImpl - Native file watcher is operational. 
2020-01-13 21:07:27,100 [   9856]   INFO - .history.utils.LocalHistoryLog - local history version mismatch (was: 0, expected: 6), rebuilding... 
2020-01-13 21:07:27,100 [   9856]   INFO - .history.utils.LocalHistoryLog - FS has been rebuild, rebuilding local history... 
2020-01-13 21:07:27,400 [  10156]   INFO - til.net.ssl.CertificateManager - Default SSL context initialized 
2020-01-13 21:07:27,403 [  10159]   WARN - j.internal.DebugAttachDetector - Unable to start DebugAttachDetector, please add `--add-exports=java.base/jdk.internal.vm=ALL-UNNAMED` to VM options 
2020-01-13 21:07:27,440 [  10196]   INFO - rains.ide.BuiltInServerManager - built-in server started, port 63343 
2020-01-13 21:07:27,828 [  10584]   INFO - il.indexing.FileBasedIndexImpl - File index extensions iterated:253 
2020-01-13 21:07:28,604 [  11360]   INFO - ij.psi.stubs.StubUpdatingIndex - Following new file types will be indexed:HTML,KJSM,CLASS,DGM File Type,Kotlin,XML,Markdown,kotlin_builtins,Groovy,JAVA,KNM,Properties 
2020-01-13 21:07:29,304 [  12060]   INFO - tellij.diagnostic.LoadingPhase - Reached FRAME_SHOWN loading phase 
2020-01-13 21:07:29,619 [  12375]   INFO - pl$FileIndexDataInitialization - Initialization done:2043 
2020-01-13 21:07:29,908 [  12664]   INFO - com.intellij.ide.ui.UISettings - Loaded: fontSize=12, fontScale=1.0; restored: fontSize=12, fontScale=1.0 
2020-01-13 21:07:30,145 [  12901]   INFO - exImpl$StubIndexInitialization - Initialization done:525 
2020-01-13 21:07:30,635 [  13391]   INFO - j.ide.ui.OptionsTopHitProvider - 1515 ms spent to cache options in application 
2020-01-13 21:07:30,953 [  13709]   INFO - pi.util.registry.RegistryValue - Registry value 'java.completion.argument.hints' has changed to 'false' 
2020-01-13 21:07:30,953 [  13709]   INFO - pi.util.registry.RegistryValue - Registry value 'java.completion.argument.hints.internal' has changed to 'false' 
2020-01-13 21:08:10,137 [  52893]   INFO - penapi.project.DumbServiceImpl - cancel com.intellij.openapi.roots.impl.PushedFilePropertiesUpdaterImpl$3@44e6854e 
2020-01-13 21:08:10,152 [  52908]   INFO - penapi.project.DumbServiceImpl - cancel com.intellij.openapi.roots.impl.PushedFilePropertiesUpdaterImpl$3@44e6854e 
2020-01-13 21:08:10,225 [  52981]   INFO - j.ide.script.IdeStartupScripts - 0 startup script(s) found 
2020-01-13 21:08:10,252 [  53008]   WARN - j.ui.mac.MacMainFrameDecorator - no url bundle present. 
To use platform protocol handler to open external links specify required protocols in the mac app layout section of the build file
Example: args.urlSchemes = ["your-protocol"] will handle following links: your-protocol://open?file=file&line=line 
2020-01-13 21:08:10,343 [  53099]   INFO - rojectCodeStyleSettingsManager - Initialized from default code style settings. 
2020-01-13 21:08:12,172 [  54928]   INFO - ge.ExternalProjectsDataStorage - Load external projects data in 15 millis (read time: 3) 
2020-01-13 21:08:12,272 [  55028]   INFO - j.ide.ui.OptionsTopHitProvider - 1035 ms spent to cache options in project 
2020-01-13 21:08:13,585 [  56341]   INFO - .diagnostic.PerformanceWatcher - Post-startup activities under progress took 2374ms; general responsiveness: ok; EDT responsiveness: 0/3 sluggish, 1/3 very slow 
2020-01-13 21:08:13,683 [  56439]   INFO - rationStore.ComponentStoreImpl - Saving Module: 'untitled'NewModuleRootManager took 60 ms 
2020-01-13 21:08:13,873 [  56629]   INFO - rationStore.ComponentStoreImpl - Saving Project '/Users/josh/IdeaProjects/untitled' untitledProjectCodeStyleConfiguration took 19 ms 
2020-01-13 21:08:14,004 [  56760]   INFO - plication.impl.ApplicationImpl - LONG VFS PROCESSING. Topic=NewVirtualFileSystem changes, offender=class com.intellij.psi.impl.file.impl.PsiVFSListener$2, message=after, time=59ms 
2020-01-13 21:08:14,005 [  56761]   INFO - plication.impl.ApplicationImpl - LONG VFS PROCESSING. Topic=NewVirtualFileSystem changes, offender=class com.intellij.openapi.vfs.impl.VirtualFilePointerManagerImpl, message=after, time=105ms 
2020-01-13 21:08:14,402 [  57158]   INFO - tartup.impl.StartupManagerImpl - /Users/josh/IdeaProjects/untitled/.idea case-sensitivity: expected=false actual=false 
2020-01-13 21:08:14,402 [  57158]   INFO - penapi.project.DumbServiceImpl - Running dumb mode task: com.intellij.util.indexing.UnindexedFilesUpdater@696f0933 
2020-01-13 21:08:14,496 [  57252]   INFO - tellij.diagnostic.LoadingPhase - Reached PROJECT_OPENED loading phase 
2020-01-13 21:08:14,630 [  57386]   INFO - tor.impl.FileEditorManagerImpl - Project opening took 5866 ms 
2020-01-13 21:08:14,642 [  57398]   INFO - .diagnostic.PerformanceWatcher - Pushing properties took 31ms; general responsiveness: ok; EDT responsiveness: ok 
2020-01-13 21:08:15,014 [  57770]   INFO - rationStore.ComponentStoreImpl - Saving appDebuggerSettings took 46 ms, FileTypeManager took 15 ms 
2020-01-13 21:08:15,615 [  58371]   INFO - lij.diagnostic.StartUpMeasurer - === Start: StartUp Measurement ===
{
  "version": "7",
  "stats": { "plugin": 43, "component": { "app": 68, "project": 135, "module": 5 }, "service": { "app": 480, "project": 507, "module": 20 }, "loadedClasses": { "Subversion": 62, "XPathView": 57, "XSLT-Debugger": 2, "com.android.tools.idea.smali": 5, "com.intellij.java": 1515, "ByteCodeViewer": 2, "Git4Idea": 129, "JUnit": 5, "com.intellij.configurationScript": 8, "com.intellij.copyright": 6, "com.intellij.java.ide": 1, "com.intellij.properties": 50, "AntSupport": 17, "com.intellij.java-i18n": 9, "TestNG-J": 5, "com.intellij.stats.completion": 32, "com.intellij.tasks": 102, "com.intellij.uiDesigner": 87, "com.jetbrains.changeReminder": 5, "hg4idea": 49, "org.editorconfig.editorconfigjetbrains": 53, "org.intellij.intelliLang": 6, "org.intellij.groovy": 502, "org.intellij.plugins.markdown": 49, "org.jetbrains.debugger.streams": 129, "org.jetbrains.idea.eclipse": 5, "org.jetbrains.idea.maven": 240, "org.jetbrains.java.decompiler": 7, "org.jetbrains.plugins.github": 25, "org.jetbrains.plugins.gradle": 80, "DevKit": 46, "org.jetbrains.kotlin": 2705, "org.jetbrains.android": 1253, "org.jetbrains.plugins.gradle.maven": 7, "org.jetbrains.plugins.javaFX": 22, "org.jetbrains.plugins.terminal": 17, "com.jetbrains.sh": 37, "org.jetbrains.plugins.textmate": 119, "org.jetbrains.plugins.yaml": 28, "org.jetbrains.settingsRepository": 37, "xyz.sbgtools.CRUDtests": 1 } },
  "icons": { "svg": { "count": 110, "loading": 1415, "decoding": 1352 }, "img": { "count": 14, "loading": 243, "decoding": 214 } },
  "items": [
    { "name": "bootstrap", "duration": 615, "start": 0, "end": 615, "thread": "main" },
    { "name": "startup begin", "duration": 31, "start": 0, "end": 31, "thread": "main" },
    { "name": "properties loading", "duration": 66, "start": 31, "end": 97, "thread": "main" },
    { "name": "classloader init", "duration": 131, "start": 97, "end": 229, "thread": "main" },
    { "name": "MainRunner search", "duration": 385, "start": 229, "end": 615, "thread": "main" },
    { "name": "app initialization preparation", "duration": 8984, "start": 615, "end": 9599, "thread": "main" },
    { "name": "load main class", "duration": 12, "start": 617, "end": 629, "thread": "idea main" },
    { "name": "configure logging", "duration": 49, "start": 1192, "end": 1241, "thread": "idea main" },
    { "name": "check system dirs", "duration": 64, "start": 1266, "end": 1331, "thread": "idea main" },
    { "name": "lock system dirs", "duration": 570, "start": 1331, "end": 1901, "thread": "idea main" },
    { "name": "configure file logger", "duration": 11, "start": 1901, "end": 1912, "thread": "idea main" },
    { "name": "start logging", "duration": 16, "start": 1912, "end": 1928, "thread": "idea main" },
    { "name": "wait tasks", "duration": 368, "start": 1980, "end": 2348, "thread": "idea main" },
    { "name": "patch system", "duration": 138, "start": 2412, "end": 2550, "thread": "edt" },
    { "name": "app initialization", "duration": 59, "start": 9599, "end": 9659, "thread": "idea main" },
    { "name": "create app", "duration": 38, "start": 9603, "end": 9642, "thread": "edt" },
    { "name": "instantiate AppDelayQueue", "duration": 3, "start": 9637, "end": 9641, "thread": "edt" },
    { "name": "mac app init", "duration": 12, "start": 9642, "end": 9655, "thread": "edt" },
    { "name": "place on event queue", "duration": 2, "start": 9657, "end": 9659, "thread": "edt" },
    { "name": "wait plugin initialization", "duration": 1314, "start": 9659, "end": 10974, "thread": "edt" },
    { "name": "app component registered callback", "duration": 82, "start": 10980, "end": 11062, "thread": "edt" },
    { "name": "app component creation", "duration": 2678, "start": 11075, "end": 13754, "thread": "edt" },
    { "name": "PersistentFS#FSRecords.connect", "duration": 52, "start": 11117, "end": 11170, "thread": "edt" },
    { "name": "app initialized callback", "duration": 185, "start": 13756, "end": 13941, "thread": "edt" },
    { "name": "frame initialization", "duration": 436, "start": 13949, "end": 14385, "thread": "edt" },
    { "name": "set window manager", "duration": 0, "start": 13970, "end": 13970, "thread": "edt" },
    { "name": "call appFrameCreated", "duration": 2, "start": 13970, "end": 13973, "thread": "edt" },
    { "name": "system dock menu", "duration": 38, "start": 14517, "end": 14555, "thread": "edt" },
    { "name": "project instantiation", "duration": 2, "start": 53429, "end": 53432, "thread": "edt" },
    { "name": "project before loaded callbacks", "duration": 3, "start": 53432, "end": 53435, "thread": "edt" },
    { "name": "project component registration", "duration": 377, "start": 53435, "end": 53812, "thread": "edt" },
    { "name": "project component creation", "duration": 687, "start": 53931, "end": 54618, "thread": "edt" },
    { "name": "module loading", "description": "module count: 0", "duration": 0, "start": 54618, "end": 54618, "thread": "edt" },
    { "name": "project opened callbacks", "duration": 843, "start": 54862, "end": 55706, "thread": "edt" },
    { "name": "project pre-startup", "duration": 11, "start": 55706, "end": 55718, "thread": "pooled 5" },
    { "name": "project startup", "duration": 22, "start": 55718, "end": 55741, "thread": "pooled 5" },
    { "name": "project post-startup dumb-aware activities", "duration": 2373, "start": 55879, "end": 58252, "thread": "pooled 5" },
    { "name": "project dumb post-startup", "duration": 58, "start": 59072, "end": 59130, "thread": "edt" }
  ],
  "GCs": [
    { "name": "1", "duration": 24, "start": 14312, "end": 14336, "thread": "pool-2-thread-1" },
    { "name": "2", "duration": 23, "start": 16079, "end": 16102, "thread": "pool-2-thread-1" },
    { "name": "3", "duration": 19, "start": 18772, "end": 18791, "thread": "pool-2-thread-1" },
    { "name": "4", "duration": 19, "start": 19548, "end": 19567, "thread": "pool-2-thread-1" },
    { "name": "5", "duration": 19, "start": 53613, "end": 53632, "thread": "pool-2-thread-1" },
    { "name": "6", "duration": 31, "start": 57489, "end": 57520, "thread": "pool-2-thread-1" },
    { "name": "7", "duration": 29, "start": 59803, "end": 59832, "thread": "pool-2-thread-1" }
  ],
  "appComponents": [
    { "name": "com.intellij.openapi.util.registry.RegistryState", "duration": 22, "start": 11076, "end": 11098, "thread": "edt", "plugin": "com.intellij" },
    { "name": "com.intellij.openapi.vfs.newvfs.persistent.PersistentFSImpl", "duration": 72, "start": 11098, "end": 11170, "thread": "edt", "plugin": "com.intellij" },
    { "name": "com.intellij.openapi.vfs.PlatformVirtualFileManager", "duration": 67, "start": 11170, "end": 11238, "thread": "edt", "plugin": "com.intellij" },
    { "name": "com.intellij.openapi.project.impl.ProjectManagerImpl", "duration": 21, "start": 11238, "end": 11260, "thread": "edt", "plugin": "com.intellij" },
    { "name": "com.intellij.openapi.fileTypes.impl.FileTypeManagerImpl", "duration": 232, "start": 11260, "end": 11493, "thread": "edt", "plugin": "com.intellij" },
    { "name": "com.intellij.openapi.actionSystem.impl.ActionManagerImpl", "duration": 251, "start": 11499, "end": 11752, "thread": "edt", "plugin": "com.intellij" },
    { "name": "com.intellij.util.net.HttpConfigurable", "duration": 36, "start": 11758, "end": 11795, "thread": "pooled 4", "plugin": "com.intellij" },
    { "name": "com.intellij.history.integration.LocalHistoryImpl", "duration": 51, "start": 11760, "end": 11811, "thread": "edt", "plugin": "com.intellij" },
    { "name": "com.intellij.ide.ui.laf.LafManagerImpl", "duration": 102, "start": 11821, "end": 11924, "thread": "edt", "plugin": "com.intellij" },
    { "name": "com.intellij.diagnostic.PerformanceWatcher", "duration": 13, "start": 11924, "end": 11938, "thread": "edt", "plugin": "com.intellij" },
    { "name": "com.intellij.util.net.ssl.CertificateManager", "duration": 128, "start": 11942, "end": 12070, "thread": "edt", "plugin": "com.intellij" },
    { "name": "com.intellij.diagnostic.DebugLogManager", "duration": 11, "start": 12072, "end": 12084, "thread": "edt", "plugin": "com.intellij" },
    { "name": "com.intellij.openapi.wm.impl.WindowManagerImpl", "duration": 29, "start": 12097, "end": 12129, "thread": "edt", "plugin": "com.intellij" },
    { "name": "com.intellij.ide.IdeTooltipManager", "duration": 13, "start": 12133, "end": 12147, "thread": "edt", "plugin": "com.intellij" },
    { "name": "com.intellij.util.indexing.FileBasedIndexImpl", "duration": 85, "start": 12158, "end": 12244, "thread": "edt", "plugin": "com.intellij" },
    { "name": "com.intellij.psi.stubs.StubIndexImpl", "duration": 20, "start": 12244, "end": 12264, "thread": "edt", "plugin": "com.intellij" },
    { "name": "com.intellij.psi.stubs.SerializationManagerImpl", "duration": 46, "start": 12269, "end": 12316, "thread": "edt", "plugin": "com.intellij" },
    { "name": "com.intellij.execution.ExecutorRegistryImpl", "duration": 19, "start": 12317, "end": 12336, "thread": "edt", "plugin": "com.intellij" },
    { "name": "com.intellij.compiler.server.BuildManager", "duration": 34, "start": 12337, "end": 12372, "thread": "edt", "plugin": "com.intellij.java" },
    { "name": "com.intellij.openapi.projectRoots.impl.DefaultJdkConfigurator", "duration": 229, "start": 12380, "end": 12610, "thread": "edt", "plugin": "com.intellij.java" },
    { "name": "com.intellij.openapi.module.WebModuleTypeRegistrar", "duration": 20, "start": 12610, "end": 12631, "thread": "edt", "plugin": "com.intellij.java" },
    { "name": "com.intellij.stats.sender.SenderComponent", "duration": 17, "start": 12631, "end": 12648, "thread": "edt", "plugin": "com.intellij.stats.completion" },
    { "name": "org.jetbrains.kotlin.idea.PluginStartupComponent", "duration": 129, "start": 12658, "end": 12788, "thread": "edt", "plugin": "org.jetbrains.kotlin" },
    { "name": "org.jetbrains.kotlin.idea.versions.KotlinUpdatePluginComponent", "duration": 717, "start": 12788, "end": 13505, "thread": "edt", "plugin": "org.jetbrains.kotlin" },
    { "name": "org.jetbrains.kotlin.idea.JvmPluginStartupComponent", "duration": 42, "start": 13505, "end": 13548, "thread": "edt", "plugin": "org.jetbrains.kotlin" },
    { "name": "org.jetbrains.android.AndroidPlugin", "duration": 101, "start": 13548, "end": 13650, "thread": "edt", "plugin": "org.jetbrains.android" },
    { "name": "com.android.tools.idea.updater.AndroidSdkUpdaterPlugin", "duration": 87, "start": 13650, "end": 13737, "thread": "edt", "plugin": "org.jetbrains.android" },
    { "name": "org.jetbrains.plugins.textmate.TextMateApplicationComponent", "duration": 17, "start": 13737, "end": 13754, "thread": "edt", "plugin": "org.jetbrains.plugins.textmate" },
    { "name": "Other", "duration": 86, "start": 13737, "end": 13754 }
  ],
  "appExtensions": [
    { "name": "com.intellij.openapi.fileTypes.FileTypeBean", "duration": 22, "start": 11290, "end": 11313, "thread": "edt" },
    { "name": "com.intellij.openapi.fileTypes.FileTypeFactory", "duration": 51, "start": 11319, "end": 11371, "thread": "edt" },
    { "name": "org.jetbrains.plugins.groovy.extensions.GroovyScriptTypeDetector", "duration": 14, "start": 11419, "end": 11434, "thread": "edt" },
    { "name": "com.intellij.lang.MetaLanguage", "duration": 12, "start": 12621, "end": 12633, "thread": "IndexInfrastructure Pool" },
    { "name": "com.intellij.psi.compiled.ClassFileDecompilers$Decompiler", "duration": 620, "start": 13275, "end": 13896, "thread": "IndexInfrastructure Pool" },
    { "name": "com.intellij.openapi.application.PreloadingActivity", "duration": 12, "start": 13773, "end": 13786, "thread": "edt" },
    { "name": "com.intellij.openapi.roots.libraries.LibraryType", "duration": 23, "start": 13790, "end": 13814, "thread": "edt" },
    { "name": "com.intellij.codeInsight.intention.IntentionActionBean", "duration": 12, "start": 13827, "end": 13839, "thread": "Preloader Pool" },
    { "name": "com.intellij.codeInsight.template.TemplateContextType", "duration": 11, "start": 15182, "end": 15193, "thread": "Preloader Pool" },
    { "name": "com.intellij.application.options.editor.EditorSmartKeysConfigurableEP", "duration": 23, "start": 15711, "end": 15735, "thread": "edt" },
    { "name": "com.intellij.openapi.editor.actionSystem.EditorActionHandlerBean", "duration": 75, "start": 16101, "end": 16176, "thread": "Preloader Pool" },
    { "name": "com.intellij.debugger.streams.lib.LibrarySupportProvider", "duration": 129, "start": 17865, "end": 17994, "thread": "Preloader Pool" },
    { "name": "com.intellij.codeInsight.editorActions.TypedHandlerDelegate", "duration": 247, "start": 18066, "end": 18313, "thread": "Preloader Pool" },
    { "name": "com.intellij.codeInspection.LocalInspectionEP", "duration": 23, "start": 18490, "end": 18514, "thread": "Preloader Pool" },
    { "name": "org.jetbrains.kotlin.idea.platform.IdePlatformKindTooling", "duration": 16, "start": 19268, "end": 19285, "thread": "Preloader Pool" },
    { "name": "com.intellij.tasks.TaskRepositoryType", "duration": 48, "start": 20210, "end": 20258, "thread": "Preloader Pool" },
    { "name": "com.intellij.navigation.ChooseByNameContributor", "duration": 13, "start": 20762, "end": 20776, "thread": "Preloader Pool" },
    { "name": "com.intellij.ide.util.projectWizard.ModuleBuilder", "duration": 23, "start": 20868, "end": 20891, "thread": "edt" },
    { "name": "com.intellij.psi.codeStyle.CodeStyleSettingsProvider", "duration": 11, "start": 22385, "end": 22396, "thread": "edt" },
    { "name": "com.intellij.psi.codeStyle.LanguageCodeStyleSettingsProvider", "duration": 18, "start": 22405, "end": 22423, "thread": "edt" },
    { "name": "com.intellij.xdebugger.breakpoints.XBreakpointType", "duration": 45, "start": 54129, "end": 54174, "thread": "edt" },
    { "name": "com.intellij.codeHighlighting.TextEditorHighlightingPassFactoryRegistrar", "duration": 63, "start": 54440, "end": 54504, "thread": "edt" },
    { "name": "com.intellij.ide.actions.runAnything.activity.RunAnythingProvider", "duration": 15, "start": 55043, "end": 55059, "thread": "edt" },
    { "name": "com.intellij.codeInsight.daemon.impl.SeveritiesProvider", "duration": 13, "start": 55964, "end": 55977, "thread": "pooled 5" },
    { "name": "com.intellij.execution.services.ServiceViewContributor", "duration": 10, "start": 56095, "end": 56105, "thread": "edt" },
    { "name": "com.intellij.execution.dashboard.RunDashboardGroupingRule", "duration": 12, "start": 56146, "end": 56159, "thread": "0.Invoker.Background.Thread: com.intellij.execution.services.ServiceModel@60fb3172" },
    { "name": "com.intellij.codeInspection.ex.InspectionElementsMerger", "duration": 117, "start": 56441, "end": 56558, "thread": "pooled 5" },
    { "name": "com.intellij.codeInspection.naming.NamingConvention", "duration": 29, "start": 56469, "end": 56498, "thread": "pooled 5" },
    { "name": "com.intellij.codeInspection.naming.NamingConvention", "duration": 11, "start": 56506, "end": 56518, "thread": "pooled 5" },
    { "name": "com.intellij.codeInspection.naming.NamingConvention", "duration": 13, "start": 56522, "end": 56536, "thread": "pooled 5" }
  ],
  "appOptionsTopHitProviders": [
    { "name": "com.intellij.codeInsight.intention.impl.config.IntentionsOptionsTopHitProvider", "duration": 1335, "start": 13822, "end": 15157, "thread": "Preloader Pool", "plugin": "com.intellij" },
    { "name": "com.intellij.codeInsight.template.impl.LiveTemplatesOptionsTopHitProvider", "duration": 142, "start": 15157, "end": 15300, "thread": "Preloader Pool", "plugin": "com.intellij" },
    { "name": "com.intellij.application.options.editor.EditorOptionsTopHitProvider", "duration": 360, "start": 15305, "end": 15666, "thread": "edt", "plugin": "com.intellij" },
    { "name": "com.intellij.application.options.editor.EditorSmartKeysOptionsTopHitProvider", "duration": 155, "start": 15668, "end": 15824, "thread": "edt", "plugin": "com.intellij" },
    { "name": "com.intellij.application.options.editor.EditorTabsOptionsTopHitProvider", "duration": 632, "start": 15825, "end": 16458, "thread": "edt", "plugin": "com.intellij" },
    { "name": "com.intellij.application.options.editor.CodeFoldingOptionsTopHitProvider", "duration": 63, "start": 16459, "end": 16522, "thread": "edt", "plugin": "com.intellij" },
    { "name": "org.intellij.images.options.impl.ImagesOptionsTopHitProvider", "duration": 169, "start": 16525, "end": 16695, "thread": "edt", "plugin": "com.intellij" },
    { "name": "com.intellij.uiDesigner.GuiDesignerOptionsTopHitProvider", "duration": 11, "start": 16695, "end": 16707, "thread": "edt", "plugin": "com.intellij.uiDesigner" }
  ],
  "appServices": [
    { "name": "com.intellij.configurationStore.ApplicationStoreImpl", "duration": 16, "start": 11039, "end": 11055, "thread": "edt" },
    { "name": "com.intellij.openapi.progress.impl.ProgressManagerImpl", "duration": 10, "start": 11063, "end": 11074, "thread": "edt" },
    { "name": "com.intellij.openapi.editor.impl.EditorActionManagerImpl", "duration": 255, "start": 11499, "end": 11755, "thread": "edt" },
    { "name": "com.intellij.internal.statistic.collectors.fus.actions.persistence.ActionsCollectorImpl", "duration": 52, "start": 11509, "end": 11562, "thread": "edt" },
    { "name": "com.intellij.openapi.module.impl.JavaAwareModuleTypeManagerImpl", "duration": 16, "start": 12613, "end": 12629, "thread": "edt" },
    { "name": "com.android.tools.idea.gradle.project.sync.GradleSyncInvoker", "duration": 24, "start": 13622, "end": 13647, "thread": "edt" },
    { "name": "com.android.tools.idea.gradle.project.sync.cleanup.PreSyncProjectCleanUp", "duration": 10, "start": 13623, "end": 13633, "thread": "edt" },
    { "name": "com.android.tools.idea.gradle.project.sync.precheck.PreSyncChecks", "duration": 13, "start": 13633, "end": 13647, "thread": "edt" },
    { "name": "com.android.tools.idea.gradle.project.sync.SdkSync", "duration": 10, "start": 13636, "end": 13646, "thread": "edt" },
    { "name": "com.intellij.openapi.updateSettings.impl.UpdateSettings", "duration": 72, "start": 13658, "end": 13730, "thread": "edt" },
    { "name": "org.jetbrains.plugins.textmate.TextMateServiceImpl", "duration": 13, "start": 13738, "end": 13751, "thread": "edt" },
    { "name": "com.intellij.codeInsight.intention.impl.config.IntentionManagerSettings", "duration": 1331, "start": 13823, "end": 15155, "thread": "Preloader Pool" },
    { "name": "com.intellij.ide.ui.search.SearchableOptionsRegistrarImpl", "duration": 13, "start": 13848, "end": 13861, "thread": "Intentions Loader" },
    { "name": "com.intellij.util.xml.impl.DomApplicationComponent", "duration": 13, "start": 13899, "end": 13913, "thread": "IndexInfrastructure Pool" },
    { "name": "com.intellij.diagnostic.GcPauseWatcher", "duration": 19, "start": 13950, "end": 13970, "thread": "edt" },
    { "name": "com.intellij.ide.GeneralSettings", "duration": 10, "start": 14387, "end": 14398, "thread": "edt" },
    { "name": "com.intellij.openapi.editor.colors.impl.EditorColorsManagerImpl", "duration": 188, "start": 14502, "end": 14691, "thread": "pooled 3" },
    { "name": "com.intellij.openapi.editor.colors.ex.DefaultColorSchemesManager", "duration": 75, "start": 14511, "end": 14587, "thread": "pooled 3" },
    { "name": "com.intellij.codeInsight.template.impl.TemplateSettings", "duration": 137, "start": 15161, "end": 15298, "thread": "Preloader Pool" },
    { "name": "com.intellij.psi.impl.source.codeStyle.PersistableCodeStyleSchemes", "duration": 60, "start": 22366, "end": 22426, "thread": "edt" },
    { "name": "com.intellij.ide.scratch.ScratchFileServiceImpl", "duration": 11, "start": 54880, "end": 54891, "thread": "pooled 1" },
    { "name": "com.intellij.profile.codeInspection.JavaAwareInspectionProfileManager", "duration": 39, "start": 55949, "end": 55988, "thread": "pooled 5" }
  ],
  "preloadActivities": [
    { "name": "com.intellij.ide.ui.OptionsTopHitProvider$Activity", "duration": 1515, "start": 13789, "end": 15304, "thread": "Preloader Pool" },
    { "name": "com.intellij.openapi.actionSystem.impl.ActionPreloader", "duration": 3008, "start": 15305, "end": 18313, "thread": "Preloader Pool" },
    { "name": "com.intellij.ide.ui.search.SearchableOptionPreloader", "duration": 1951, "start": 18314, "end": 20266, "thread": "Preloader Pool" },
    { "name": "com.intellij.codeInsight.completion.CompletionPreloader", "duration": 491, "start": 20267, "end": 20759, "thread": "Preloader Pool" },
    { "name": "com.intellij.ide.actions.GotoClassPresentationUpdater", "duration": 18, "start": 20759, "end": 20778, "thread": "Preloader Pool" }
  ],
  "prepareAppInitActivities": [
    { "name": "init AWT Toolkit", "duration": 0, "start": 1239, "end": 1239, "thread": "edt" },
    { "name": "init default LaF", "duration": 220, "start": 1239, "end": 1459, "thread": "edt" },
    { "name": "splash initialization", "duration": 813, "start": 1460, "end": 2274, "thread": "edt" },
    { "name": "setup system libs", "duration": 3, "start": 1929, "end": 1932, "thread": "pooled 3" },
    { "name": "fix process env", "duration": 4, "start": 1932, "end": 1936, "thread": "pooled 3" },
    { "name": "load system libs", "duration": 70, "start": 1972, "end": 2043, "thread": "pooled 2" },
    { "name": "configure html kit", "duration": 67, "start": 2274, "end": 2341, "thread": "edt" },
    { "name": "init system font data", "duration": 2, "start": 2341, "end": 2344, "thread": "pooled 1" },
    { "name": "plugin initialization", "duration": 658, "start": 9600, "end": 10259, "thread": "idea main" },
    { "name": "plugin descriptors loading", "duration": 569, "start": 9614, "end": 10184, "thread": "idea main" },
    { "name": "mac touchbar", "duration": 0, "start": 9656, "end": 9656, "thread": "pooled 1" },
    { "name": "app extension registration", "duration": 34, "start": 10259, "end": 10293, "thread": "idea main" },
    { "name": "app component registration", "duration": 679, "start": 10294, "end": 10973, "thread": "idea main" },
    { "name": "init system properties", "duration": 1, "start": 10302, "end": 10304, "thread": "pooled 4" },
    { "name": "add registry keys", "duration": 444, "start": 10304, "end": 10748, "thread": "pooled 4" },
    { "name": "add message bus listeners", "duration": 0, "start": 10749, "end": 10749, "thread": "pooled 4" }
  ],
  "projectComponents": [
    { "name": "com.intellij.openapi.vcs.changes.ChangeListManagerImpl", "duration": 23, "start": 53966, "end": 54025, "thread": "edt", "plugin": "com.intellij" },
    { "name": "com.intellij.openapi.vcs.changes.ChangesViewManager", "duration": 34, "start": 53970, "end": 54005, "thread": "edt", "plugin": "com.intellij" },
    { "name": "com.intellij.openapi.vcs.changes.shelf.ShelvedChangesViewManager", "duration": 15, "start": 54037, "end": 54052, "thread": "edt", "plugin": "com.intellij" },
    { "name": "com.intellij.codeInsight.daemon.impl.DaemonListeners", "duration": 18, "start": 54064, "end": 54083, "thread": "edt", "plugin": "com.intellij" },
    { "name": "com.intellij.codeInsight.navigation.CtrlMouseHandler", "duration": 14, "start": 54087, "end": 54102, "thread": "edt", "plugin": "com.intellij" },
    { "name": "com.intellij.xdebugger.impl.XDebuggerManagerImpl", "duration": 76, "start": 54111, "end": 54188, "thread": "edt", "plugin": "com.intellij" },
    { "name": "com.intellij.framework.detection.impl.FrameworkDetectionManager", "duration": 16, "start": 54237, "end": 54253, "thread": "edt", "plugin": "com.intellij.java" },
    { "name": "com.intellij.execution.scratch.JavaScratchCompilationSupport", "duration": 108, "start": 54261, "end": 54370, "thread": "edt", "plugin": "com.intellij.java" },
    { "name": "com.intellij.compiler.backwardRefs.CompilerReferenceServiceImpl", "duration": 19, "start": 54370, "end": 54389, "thread": "edt", "plugin": "com.intellij.java" },
    { "name": "org.jetbrains.idea.maven.indices.MavenProjectIndicesManager", "duration": 12, "start": 54405, "end": 54418, "thread": "edt", "plugin": "org.jetbrains.idea.maven" },
    { "name": "org.jetbrains.kotlin.idea.highlighter.KotlinBeforeResolveHighlightingPass$Factory", "duration": 78, "start": 54436, "end": 54514, "thread": "edt", "plugin": "org.jetbrains.kotlin" },
    { "name": "org.jetbrains.kotlin.idea.completion.LookupCancelWatcher", "duration": 12, "start": 54515, "end": 54527, "thread": "edt", "plugin": "org.jetbrains.kotlin" },
    { "name": "com.android.tools.idea.gradle.project.AndroidGradleProjectComponent", "duration": 16, "start": 54561, "end": 54577, "thread": "edt", "plugin": "org.jetbrains.android" },
    { "name": "com.android.tools.idea.res.PsiProjectListener", "duration": 25, "start": 54577, "end": 54603, "thread": "edt", "plugin": "org.jetbrains.android" },
    { "name": "org.jetbrains.plugins.terminal.TerminalView", "duration": 11, "start": 54607, "end": 54618, "thread": "edt", "plugin": "org.jetbrains.plugins.terminal" },
    { "name": "Other", "duration": 201, "start": 54607, "end": 54618 }
  ],
  "projectExtensions": [
    { "name": "com.intellij.openapi.wm.IdeRootPaneNorthExtension", "duration": 19, "start": 54951, "end": 54970, "thread": "edt" },
    { "name": "com.intellij.psi.search.scope.packageSet.CustomScopesProvider", "duration": 64, "start": 55932, "end": 55996, "thread": "pooled 2" }
  ],
  "projectOpenHandlers": [
    { "name": "com.intellij.openapi.vcs.changes.ChangesViewManager", "duration": 162, "start": 55361, "end": 55524, "thread": "edt" },
    { "name": "com.intellij.facet.impl.ui.FacetDependentToolWindowManager", "duration": 12, "start": 55531, "end": 55543, "thread": "edt" },
    { "name": "com.android.tools.idea.editors.theme.AndroidThemePreviewToolWindowManager", "duration": 137, "start": 55568, "end": 55705, "thread": "edt", "plugin": "org.jetbrains.android" },
    { "name": "Other", "duration": 35, "start": 55706, "end": 55706 }
  ],
  "projectOptionsTopHitProviders": [
    { "name": "com.intellij.ui.tabs.FileColorsOptionsTopHitProvider", "duration": 77, "start": 55926, "end": 56004, "thread": "pooled 2", "plugin": "com.intellij" },
    { "name": "com.intellij.ide.ui.InspectionsTopHitProvider", "duration": 750, "start": 56006, "end": 56756, "thread": "pooled 2", "plugin": "com.intellij" },
    { "name": "com.intellij.openapi.vcs.configurable.VcsOptionsTopHitProvider", "duration": 16, "start": 56760, "end": 56776, "thread": "pooled 2", "plugin": "com.intellij" },
    { "name": "org.jetbrains.idea.svn.SvnOptionsTopHitProvider", "duration": 11, "start": 56779, "end": 56790, "thread": "pooled 2", "plugin": "Subversion" },
    { "name": "git4idea.config.GitOptionsTopHitProvider", "duration": 142, "start": 56793, "end": 56935, "thread": "pooled 2", "plugin": "Git4Idea" },
    { "name": "com.intellij.application.options.editor.EditorOptionsTopHitProvider", "duration": 48, "start": 58973, "end": 59022, "thread": "edt", "plugin": "com.intellij" },
    { "name": "com.intellij.application.options.editor.EditorSmartKeysOptionsTopHitProvider", "duration": 22, "start": 59210, "end": 59233, "thread": "edt", "plugin": "com.intellij" },
    { "name": "com.intellij.application.options.editor.EditorTabsOptionsTopHitProvider", "duration": 71, "start": 59355, "end": 59427, "thread": "edt", "plugin": "com.intellij" },
    { "name": "com.intellij.application.options.editor.CodeFoldingOptionsTopHitProvider", "duration": 39, "start": 59709, "end": 59748, "thread": "edt", "plugin": "com.intellij" },
    { "name": "com.intellij.application.options.editor.AutoImportOptionsTopHitProvider", "duration": 122, "start": 59773, "end": 59896, "thread": "edt", "plugin": "com.intellij" },
    { "name": "org.intellij.images.options.impl.ImagesOptionsTopHitProvider", "duration": 75, "start": 59911, "end": 59986, "thread": "edt", "plugin": "com.intellij" },
    { "name": "com.intellij.uiDesigner.GuiDesignerOptionsTopHitProvider", "duration": 47, "start": 60089, "end": 60137, "thread": "edt", "plugin": "com.intellij.uiDesigner" }
  ],
  "projectPostStartupActivities": [
    { "name": "com.intellij.openapi.vcs.impl.ModuleVcsDetector$$special$$inlined$with$lambda$1", "duration": 21, "start": 55719, "end": 55741, "thread": "pooled 5", "plugin": "com.intellij" },
    { "name": "com.intellij.profile.codeInspection.ProjectInspectionProfileManager$ProjectInspectionProfileStartUpActivity", "duration": 805, "start": 55941, "end": 56747, "thread": "pooled 5", "plugin": "com.intellij" },
    { "name": "com.intellij.openapi.externalSystem.service.ExternalSystemStartupActivity", "duration": 91, "start": 56770, "end": 56861, "thread": "pooled 5", "plugin": "com.intellij" },
    { "name": "com.intellij.openapi.externalSystem.service.project.manage.ReprocessContentRootDataActivity", "duration": 14, "start": 56862, "end": 56877, "thread": "pooled 5", "plugin": "com.intellij" },
    { "name": "org.jetbrains.plugins.groovy.mvc.MvcProjectWithoutLibraryNotificator", "duration": 68, "start": 56946, "end": 57014, "thread": "pooled 5", "plugin": "org.intellij.groovy" },
    { "name": "org.jetbrains.kotlin.idea.framework.CreateKotlinSdkActivity", "duration": 1197, "start": 57041, "end": 58239, "thread": "pooled 5", "plugin": "org.jetbrains.kotlin" },
    { "name": "org.jetbrains.plugins.groovy.mvc.MvcModuleStructureSynchronizer$$Lambda$1237/0x0000000801379440", "duration": 11, "start": 59076, "end": 59087, "thread": "edt", "plugin": "org.intellij.groovy" },
    { "name": "com.intellij.build.BuildContentManagerImpl$$Lambda$1238/0x00000008013a8040", "duration": 20, "start": 59087, "end": 59107, "thread": "edt", "plugin": "com.intellij" },
    { "name": "com.intellij.ide.util.projectWizard.ModuleBuilder$$Lambda$1305/0x000000080140fc40", "duration": 19, "start": 59109, "end": 59129, "thread": "edt", "plugin": "com.intellij" }
  ],
  "projectServices": [
    { "name": "com.intellij.openapi.roots.impl.ProjectFileIndexFacade", "duration": 11, "start": 21204, "end": 21216, "thread": "edt" },
    { "name": "org.jetbrains.idea.maven.project.MavenWorkspaceSettingsComponent", "duration": 27, "start": 21347, "end": 21374, "thread": "edt" },
    { "name": "com.intellij.openapi.roots.ui.configuration.ProjectStructureConfigurable", "duration": 108, "start": 21798, "end": 21907, "thread": "edt" },
    { "name": "com.intellij.openapi.roots.ui.configuration.projectRoot.ProjectLibrariesConfigurable", "duration": 21, "start": 21836, "end": 21858, "thread": "edt" },
    { "name": "com.intellij.openapi.roots.ui.configuration.projectRoot.ModuleStructureConfigurable", "duration": 11, "start": 21862, "end": 21874, "thread": "edt" },
    { "name": "com.intellij.configurationStore.ProjectIdManager", "duration": 10, "start": 53918, "end": 53928, "thread": "edt" },
    { "name": "com.intellij.compiler.CompilerManagerImpl", "duration": 106, "start": 54263, "end": 54370, "thread": "edt" },
    { "name": "com.intellij.codeInsight.daemon.impl.TextEditorHighlightingPassRegistrarImpl", "duration": 74, "start": 54440, "end": 54514, "thread": "edt" },
    { "name": "com.android.tools.idea.res.ResourceFolderRegistry", "duration": 24, "start": 54578, "end": 54603, "thread": "edt" },
    { "name": "com.intellij.execution.impl.RunManagerImpl", "duration": 13, "start": 54620, "end": 54634, "thread": "edt" },
    { "name": "com.intellij.openapi.vcs.impl.projectlevelman.AllVcses", "duration": 12, "start": 55725, "end": 55737, "thread": "pooled 5" },
    { "name": "com.intellij.ui.tabs.FileColorManagerImpl", "duration": 76, "start": 55927, "end": 56004, "thread": "pooled 2" },
    { "name": "com.intellij.execution.services.ServiceViewManagerImpl", "duration": 16, "start": 56107, "end": 56123, "thread": "edt" },
    { "name": "com.intellij.execution.dashboard.RunDashboardManagerImpl", "duration": 35, "start": 56125, "end": 56160, "thread": "0.Invoker.Background.Thread: com.intellij.execution.services.ServiceModel@60fb3172" },
    { "name": "com.intellij.openapi.externalSystem.service.project.manage.ExternalProjectsManagerImpl", "duration": 22, "start": 56773, "end": 56796, "thread": "pooled 5" },
    { "name": "git4idea.config.GitVcsSettings", "duration": 21, "start": 56795, "end": 56816, "thread": "pooled 2" },
    { "name": "git4idea.repo.GitRepositoryManager", "duration": 116, "start": 56819, "end": 56935, "thread": "pooled 2" },
    { "name": "com.intellij.task.impl.ProjectTaskManagerImpl", "duration": 13, "start": 56844, "end": 56857, "thread": "pooled 5" },
    { "name": "git4idea.checkin.GitCheckinEnvironment", "duration": 10, "start": 56912, "end": 56922, "thread": "pooled 2" },
    { "name": "org.jetbrains.kotlin.idea.compiler.configuration.KotlinCompilerSettings", "duration": 632, "start": 57074, "end": 57706, "thread": "pooled 5" },
    { "name": "org.jetbrains.kotlin.idea.compiler.configuration.KotlinCommonCompilerArgumentsHolder", "duration": 341, "start": 57708, "end": 58050, "thread": "pooled 5" },
    { "name": "org.jetbrains.kotlin.idea.compiler.configuration.Kotlin2JvmCompilerArgumentsHolder", "duration": 116, "start": 58067, "end": 58184, "thread": "pooled 5" },
    { "name": "org.jetbrains.kotlin.idea.core.script.ScriptDependenciesManager", "duration": 32, "start": 59329, "end": 59362, "thread": "pooled 5" },
    { "name": "org.jetbrains.kotlin.idea.core.script.ScriptDependenciesUpdater", "duration": 24, "start": 59337, "end": 59361, "thread": "pooled 5" }
  ],
  "totalDurationComputed": 18775,
  "totalDurationActual": 58248
}
=== Stop: StartUp Measurement === 
2020-01-13 21:08:15,621 [  58377]   INFO - rationStore.ComponentStoreImpl - Saving Project '/Users/josh/IdeaProjects/untitled' untitledProjectPlainTextFileTypeManager took 14 ms 
2020-01-13 21:08:15,621 [  58377]   INFO - mponents.impl.stores.StoreUtil - saveProjectsAndApp took 1090 ms 
2020-01-13 21:08:19,507 [  62263]   INFO - ings.impl.UpdateCheckerService - channel: release 
2020-01-13 21:08:19,526 [  62282]   WARN - .intellij.diagnostic.VMOptions - VM options file not configured 
2020-01-13 21:08:19,527 [  62283]   INFO - gnostic.MemorySizeConfigurator - Physical memory 8192M, minimum memory size 256M, -Xmx adjusted from 512M to 1024M 
2020-01-13 21:08:23,866 [  66622]   INFO - .diagnostic.PerformanceWatcher - Indexable file iteration took 9215ms; general responsiveness: ok; EDT responsiveness: ok 
2020-01-13 21:08:23,883 [  66639]   INFO - indexing.UnindexedFilesUpdater - Unindexed files update started: 50951 files to update 
2020-01-13 21:08:36,434 [  79190]   INFO - mponents.impl.stores.StoreUtil - saveProjectsAndApp took 161 ms 
2020-01-13 21:09:18,908 [ 121664]   INFO - .diagnostic.PerformanceWatcher - Unindexed files update took 55025ms; general responsiveness: ok; EDT responsiveness: ok 
2020-01-13 21:09:18,912 [ 121668]   INFO - penapi.project.DumbServiceImpl - Running dumb mode task: initial refresh 
2020-01-13 21:09:18,914 [ 121670]   INFO - tellij.diagnostic.LoadingPhase - Reached INDEXING_FINISHED loading phase 
2020-01-13 21:09:18,914 [ 121670]   INFO - penapi.project.DumbServiceImpl - updateFinished 
2020-01-13 21:09:18,915 [ 121671]   INFO - g.FileBasedIndexProjectHandler - Has changed files: false; project=Project '/Users/josh/IdeaProjects/untitled' untitled 
2020-01-13 21:09:19,082 [ 121838]   INFO - penapi.project.DumbServiceImpl - Running dumb mode task: com.android.tools.idea.res.ResourceFolderRepositoryFileCacheImpl$PruneTask@7c7f56c 
2020-01-13 21:09:19,106 [ 121862]   INFO - penapi.project.DumbServiceImpl - Running dumb mode task: com.android.tools.idea.res.ResourceFolderRepositoryFileCacheImpl$ManageLruProjectFilesTask@7e27e61c 
2020-01-13 21:09:19,123 [ 121879]   INFO - penapi.project.DumbServiceImpl - updateFinished 
2020-01-13 21:09:19,125 [ 121881]   INFO - g.FileBasedIndexProjectHandler - Has changed files: false; project=Project '/Users/josh/IdeaProjects/untitled' untitled 
2020-01-13 21:09:19,141 [ 121897]   INFO - penapi.project.DumbServiceImpl - Running dumb mode task: com.android.tools.idea.res.ResourceFolderRegistry$PopulateCachesTask@2b1bd4ea 
2020-01-13 21:09:19,145 [ 121901]   INFO - penapi.project.DumbServiceImpl - updateFinished 
2020-01-13 21:09:19,146 [ 121902]   INFO - g.FileBasedIndexProjectHandler - Has changed files: false; project=Project '/Users/josh/IdeaProjects/untitled' untitled 
2020-01-13 21:09:19,484 [ 122240]   INFO - CompilerWorkspaceConfiguration - Available processors: 4 
2020-01-13 21:40:01,479 [1964235]   INFO - il.indexing.FileBasedIndexImpl - START INDEX SHUTDOWN 
2020-01-13 21:40:01,768 [1964524]   INFO - il.indexing.FileBasedIndexImpl - END INDEX SHUTDOWN 
2020-01-13 21:40:01,777 [1964533]   INFO - stubs.SerializationManagerImpl - START StubSerializationManager SHUTDOWN 
2020-01-13 21:40:01,785 [1964541]   INFO - stubs.SerializationManagerImpl - END StubSerializationManager SHUTDOWN 
2020-01-13 21:40:01,802 [1964558]   INFO - newvfs.persistent.PersistentFS - VFS dispose started 
2020-01-13 21:40:01,810 [1964566]   INFO - newvfs.persistent.PersistentFS - VFS dispose completed 
2020-01-13 21:40:01,810 [1964566]   INFO -        #com.intellij.idea.Main - ------------------------------------------------------ IDE SHUTDOWN ------------------------------------------------------ 
2020-01-13 21:40:01,827 [1964583]   INFO - org.jetbrains.io.BuiltInServer - web server stopped 
2020-01-13 21:40:11,800 [      0]   INFO -        #com.intellij.idea.Main - ------------------------------------------------------ IDE STARTED ------------------------------------------------------ 
2020-01-13 21:40:11,839 [     39]   INFO -        #com.intellij.idea.Main - initializing environment 
2020-01-13 21:40:11,847 [     47]   INFO -        #com.intellij.idea.Main - IDE: IntelliJ IDEA (build #IC-192.6817.14, 24 Sep 2019 00:39) 
2020-01-13 21:40:11,850 [     50]   INFO -        #com.intellij.idea.Main - OS: Mac OS X (10.14.5, x86_64) 
2020-01-13 21:40:11,850 [     50]   INFO -        #com.intellij.idea.Main - JRE: 11.0.4+10-b304.69 (JetBrains s.r.o) 
2020-01-13 21:40:11,850 [     50]   INFO -        #com.intellij.idea.Main - JVM: 11.0.4+10-b304.69 (OpenJDK 64-Bit Server VM) 
2020-01-13 21:40:11,854 [     54]   INFO - .intellij.util.EnvironmentUtil - loading shell env: /bin/zsh -l -i -c '/Users/josh/.gradle/caches/modules-2/files-2.1/com.jetbrains.intellij.idea/ideaIC/2019.2.3/654e395e5806d1f0a4741d2f324e48012be56949/ideaIC-2019.2.3/bin/printenv.py' '/private/var/folders/92/xgky6q4j0jzfz8s1qdkx0m0h0000gp/T/intellij-shell-env.tmp' 
2020-01-13 21:40:11,878 [     78]   INFO -        #com.intellij.idea.Main - JVM Args: -Dapple.awt.fileDialogForDirectories=true -Dapple.laf.useScreenMenuBar=true -Didea.classpath.index.enabled=false -Didea.config.path=/Users/josh/Desktop/Projects/CRUDTests/build/idea-sandbox/config -Didea.is.internal=true -Didea.platform.prefix=Idea -Didea.plugins.path=/Users/josh/Desktop/Projects/CRUDTests/build/idea-sandbox/plugins -Didea.required.plugins.id=xyz.sbgtools.CRUDtests -Didea.smooth.progress=false -Didea.system.path=/Users/josh/Desktop/Projects/CRUDTests/build/idea-sandbox/system -Xms256m -Xmx512m -Dfile.encoding=UTF-8 -Duser.country=US -Duser.language=en -Duser.variant -ea 
2020-01-13 21:40:11,879 [     79]   INFO -        #com.intellij.idea.Main - charsets: JNU=UTF-8 file=UTF-8 
2020-01-13 21:40:11,981 [    181]   INFO -        #com.intellij.idea.Main - JNA library (64-bit) loaded in 145 ms 
2020-01-13 21:40:12,369 [    569]   INFO - tellij.diagnostic.LoadingPhase - Reached SPLASH loading phase 
2020-01-13 21:40:12,405 [    605]   INFO - plication.impl.ApplicationImpl - CPU cores: 4; ForkJoinPool.commonPool: java.util.concurrent.ForkJoinPool@22c4f41a[Running, parallelism = 3, size = 0, active = 0, running = 0, steals = 0, tasks = 0, submissions = 0]; factory: com.intellij.concurrency.IdeaForkJoinWorkerThreadFactory@1602c895 
2020-01-13 21:40:12,436 [    636]   INFO - .intellij.util.EnvironmentUtil - shell environment loaded (22 vars) 
2020-01-13 21:40:12,867 [   1067]   INFO - m.intellij.ui.mac.touchbar.NST - touchbar-server isn't running, skip nst loading 
2020-01-13 21:40:13,034 [   1234]   INFO - llij.ide.plugins.PluginManager - Cannot find optional descriptor duplicates-groovy.xml 
2020-01-13 21:40:13,040 [   1240]   INFO - llij.ide.plugins.PluginManager - Cannot find optional descriptor duplicates-detection-groovy.xml 
2020-01-13 21:40:13,094 [   1294]   INFO - llij.ide.plugins.PluginManager - Cannot find optional descriptor profiler-java.xml 
2020-01-13 21:40:13,402 [   1602]   INFO - llij.ide.plugins.PluginManager - Loaded bundled plugins: Android Support (10.3.4), Ant (192.6817.14), Bytecode Viewer (192.6817.14), ChangeReminder (192.6817.14), Configuration Script (192.6817.14), Copyright (192.6817.14), Coverage (192.6817.14), Eclipse Interoperability (192.6817.14), EditorConfig (192.6817.14), Git (192.6817.14), GitHub (192.6817.14), Gradle (192.6817.14), Gradle-Maven (192.6817.14), Groovy (192.6817.14), IDEA CORE (192.6817.14), IntelliLang (192.6817.14), JUnit (192.6817.14), Java (192.6817.14), Java Bytecode Decompiler (192.6817.14), Java IDE Customization (192.6817.14), Java Internationalization (192.6817.14), Java Stream Debugger (192.6817.14), JavaFX (192.6817.14), Kotlin (1.3.41-release-IJ2019.2-1), Machine Learning Code Completion (192.6817.14), Markdown (192.6817.14), Maven (192.6817.14), Mercurial (192.6817.14), Plugin DevKit (192.6817.14), Properties (192.6817.14), Settings Repository (192.6817.14), Shell Script (192.6817.14), Smali Support (192.6817.14), Subversion (192.6817.14), Task Management (192.6817.14), Terminal (192.6817.14), TestNG (192.6817.14), TextMate bundles (192.6817.14), UI Designer (192.6817.14), XPathView + XSLT (192.6817.14), XSLT Debugger (192.6817.14), YAML (192.6817.14) 
2020-01-13 21:40:13,402 [   1602]   INFO - llij.ide.plugins.PluginManager - Loaded custom plugins: CRUDTests (1.0-SNAPSHOT) 
2020-01-13 21:40:14,262 [   2462]   INFO - tellij.diagnostic.LoadingPhase - Reached CONFIGURATION_STORE_INITIALIZED loading phase 
2020-01-13 21:40:14,345 [   2545]   INFO - pi.util.registry.RegistryState - Registry values changed by user: 
2020-01-13 21:40:14,345 [   2545]   INFO - pi.util.registry.RegistryState -   java.completion.argument.hints.internal = false 
2020-01-13 21:40:14,365 [   2565]   INFO - pi.util.registry.RegistryState - Experimental features enabled for user: inline.browse.button, linux.native.menu, recent.and.edited.files.together, show.create.new.element.in.popup, new.large.text.file.viewer, property.value.inplace.editing 
2020-01-13 21:40:14,398 [   2598]   INFO - ellij.util.io.PagedFileStorage - lower=100; upper=492; buffer=10; max=492 
2020-01-13 21:40:14,484 [   2684]   INFO - pl.local.NativeFileWatcherImpl - Starting file watcher: /Users/josh/.gradle/caches/modules-2/files-2.1/com.jetbrains.intellij.idea/ideaIC/2019.2.3/654e395e5806d1f0a4741d2f324e48012be56949/ideaIC-2019.2.3/bin/mac/fsnotifier 
2020-01-13 21:40:14,495 [   2695]   INFO - pl.local.NativeFileWatcherImpl - Native file watcher is operational. 
2020-01-13 21:40:15,856 [   4056]   INFO - til.net.ssl.CertificateManager - Default SSL context initialized 
2020-01-13 21:40:17,710 [   5910]   WARN - j.internal.DebugAttachDetector - Unable to start DebugAttachDetector, please add `--add-exports=java.base/jdk.internal.vm=ALL-UNNAMED` to VM options 
2020-01-13 21:40:17,739 [   5939]   INFO - rains.ide.BuiltInServerManager - built-in server started, port 63343 
2020-01-13 21:40:18,035 [   6235]   INFO - il.indexing.FileBasedIndexImpl - File index extensions iterated:159 
2020-01-13 21:40:18,587 [   6787]   INFO - tellij.diagnostic.LoadingPhase - Reached FRAME_SHOWN loading phase 
2020-01-13 21:40:18,756 [   6956]   WARN - j.ui.mac.MacMainFrameDecorator - no url bundle present. 
To use platform protocol handler to open external links specify required protocols in the mac app layout section of the build file
Example: args.urlSchemes = ["your-protocol"] will handle following links: your-protocol://open?file=file&line=line 
2020-01-13 21:40:19,851 [   8051]   INFO - pl$FileIndexDataInitialization - Initialization done:1975 
2020-01-13 21:40:20,412 [   8612]   INFO - exImpl$StubIndexInitialization - Initialization done:560 
2020-01-13 21:40:20,460 [   8660]   INFO - j.ide.ui.OptionsTopHitProvider - 2152 ms spent to cache options in application 
2020-01-13 21:40:21,333 [   9533]   INFO - com.intellij.ide.ui.UISettings - Loaded: fontSize=12, fontScale=1.0; restored: fontSize=12, fontScale=1.0 
2020-01-13 21:40:22,248 [  10448]   INFO - j.ide.script.IdeStartupScripts - 0 startup script(s) found 
2020-01-13 21:40:22,454 [  10654]   INFO - rojectCodeStyleSettingsManager - Initialized from default code style settings. 
2020-01-13 21:40:23,786 [  11986]   INFO - penapi.project.DumbServiceImpl - Running dumb mode task: com.intellij.util.indexing.UnindexedFilesUpdater@435a2ca 
2020-01-13 21:40:23,857 [  12057]   INFO - .diagnostic.PerformanceWatcher - Pushing properties took 69ms; general responsiveness: ok; EDT responsiveness: ok 
2020-01-13 21:40:24,276 [  12476]   INFO - ge.ExternalProjectsDataStorage - Load external projects data in 8 millis (read time: 2) 
2020-01-13 21:40:26,344 [  14544]   INFO - j.ide.ui.OptionsTopHitProvider - 2932 ms spent to cache options in project 
2020-01-13 21:40:27,743 [  15943]   INFO - .diagnostic.PerformanceWatcher - Post-startup activities under progress took 4357ms; general responsiveness: ok; EDT responsiveness: ok 
2020-01-13 21:40:28,302 [  16502]   INFO - tartup.impl.StartupManagerImpl - /Users/josh/IdeaProjects/untitled/.idea case-sensitivity: expected=false actual=false 
2020-01-13 21:40:28,443 [  16643]   INFO - tellij.diagnostic.LoadingPhase - Reached PROJECT_OPENED loading phase 
2020-01-13 21:40:28,810 [  17010]   INFO - tor.impl.FileEditorManagerImpl - Project opening took 9072 ms 
2020-01-13 21:40:30,466 [  18666]   INFO - lij.diagnostic.StartUpMeasurer - === Start: StartUp Measurement ===
{
  "version": "7",
  "stats": { "plugin": 43, "component": { "app": 68, "project": 135, "module": 5 }, "service": { "app": 480, "project": 507, "module": 20 }, "loadedClasses": { "Subversion": 62, "XPathView": 37, "XSLT-Debugger": 2, "com.android.tools.idea.smali": 5, "com.intellij.java": 1119, "ByteCodeViewer": 2, "Git4Idea": 129, "JUnit": 3, "com.intellij.configurationScript": 8, "com.intellij.copyright": 6, "com.intellij.properties": 45, "AntSupport": 17, "com.intellij.java-i18n": 9, "TestNG-J": 4, "com.intellij.stats.completion": 32, "com.intellij.tasks": 36, "com.intellij.uiDesigner": 87, "com.jetbrains.changeReminder": 5, "hg4idea": 49, "org.editorconfig.editorconfigjetbrains": 41, "org.intellij.intelliLang": 6, "org.intellij.groovy": 429, "org.intellij.plugins.markdown": 48, "org.jetbrains.debugger.streams": 129, "org.jetbrains.idea.eclipse": 8, "org.jetbrains.idea.maven": 170, "org.jetbrains.java.decompiler": 7, "org.jetbrains.plugins.github": 22, "org.jetbrains.plugins.gradle": 45, "DevKit": 40, "org.jetbrains.kotlin": 2636, "org.jetbrains.android": 1226, "org.jetbrains.plugins.gradle.maven": 2, "org.jetbrains.plugins.javaFX": 20, "org.jetbrains.plugins.terminal": 17, "com.jetbrains.sh": 26, "org.jetbrains.plugins.textmate": 117, "org.jetbrains.plugins.yaml": 27, "org.jetbrains.settingsRepository": 37, "xyz.sbgtools.CRUDtests": 1 } },
  "icons": { "svg": { "count": 94, "loading": 1538, "decoding": 1501 }, "img": { "count": 13, "loading": 384, "decoding": 335 } },
  "items": [
    { "name": "bootstrap", "duration": 536, "start": 0, "end": 536, "thread": "main" },
    { "name": "startup begin", "duration": 21, "start": 0, "end": 21, "thread": "main" },
    { "name": "properties loading", "duration": 59, "start": 21, "end": 81, "thread": "main" },
    { "name": "classloader init", "duration": 108, "start": 81, "end": 190, "thread": "main" },
    { "name": "MainRunner search", "duration": 346, "start": 190, "end": 536, "thread": "main" },
    { "name": "app initialization preparation", "duration": 1914, "start": 536, "end": 2451, "thread": "main" },
    { "name": "load main class", "duration": 8, "start": 539, "end": 547, "thread": "idea main" },
    { "name": "configure logging", "duration": 32, "start": 1090, "end": 1123, "thread": "idea main" },
    { "name": "check system dirs", "duration": 44, "start": 1155, "end": 1199, "thread": "idea main" },
    { "name": "lock system dirs", "duration": 667, "start": 1199, "end": 1867, "thread": "idea main" },
    { "name": "configure file logger", "duration": 16, "start": 1867, "end": 1883, "thread": "idea main" },
    { "name": "start logging", "duration": 24, "start": 1883, "end": 1908, "thread": "idea main" },
    { "name": "wait tasks", "duration": 405, "start": 1920, "end": 2326, "thread": "idea main" },
    { "name": "app initialization", "duration": 388, "start": 2451, "end": 2839, "thread": "idea main" },
    { "name": "patch system", "duration": 171, "start": 2454, "end": 2625, "thread": "edt" },
    { "name": "create app", "duration": 82, "start": 2630, "end": 2713, "thread": "edt" },
    { "name": "instantiate AppDelayQueue", "duration": 11, "start": 2701, "end": 2712, "thread": "edt" },
    { "name": "mac app init", "duration": 74, "start": 2750, "end": 2825, "thread": "edt" },
    { "name": "place on event queue", "duration": 8, "start": 2831, "end": 2839, "thread": "edt" },
    { "name": "wait plugin initialization", "duration": 1417, "start": 2839, "end": 4257, "thread": "edt" },
    { "name": "app component registered callback", "duration": 85, "start": 4263, "end": 4348, "thread": "edt" },
    { "name": "app component creation", "duration": 4005, "start": 4362, "end": 8367, "thread": "edt" },
    { "name": "PersistentFS#FSRecords.connect", "duration": 83, "start": 4465, "end": 4548, "thread": "edt" },
    { "name": "app initialized callback", "duration": 259, "start": 8369, "end": 8628, "thread": "edt" },
    { "name": "frame initialization", "duration": 40, "start": 8631, "end": 8671, "thread": "edt" },
    { "name": "set window manager", "duration": 0, "start": 8643, "end": 8643, "thread": "edt" },
    { "name": "call appFrameCreated", "duration": 17, "start": 8643, "end": 8661, "thread": "edt" },
    { "name": "show frame", "duration": 479, "start": 8699, "end": 9179, "thread": "edt" },
    { "name": "init frame", "duration": 145, "start": 9299, "end": 9444, "thread": "edt" },
    { "name": "project conversion", "duration": 250, "start": 9565, "end": 9816, "thread": "pooled 4" },
    { "name": "project instantiation", "duration": 5, "start": 9816, "end": 9822, "thread": "pooled 4" },
    { "name": "project before loaded callbacks", "duration": 3, "start": 9823, "end": 9827, "thread": "pooled 4" },
    { "name": "project component registration", "duration": 903, "start": 9827, "end": 10731, "thread": "pooled 4" },
    { "name": "project component creation", "duration": 1198, "start": 10829, "end": 12028, "thread": "pooled 4" },
    { "name": "module loading", "description": "module count: 1", "duration": 174, "start": 12047, "end": 12221, "thread": "pooled 4" },
    { "name": "project opened callbacks", "duration": 937, "start": 12265, "end": 13203, "thread": "edt" },
    { "name": "project pre-startup", "duration": 26, "start": 13203, "end": 13230, "thread": "pooled 4" },
    { "name": "project startup", "duration": 11, "start": 13230, "end": 13242, "thread": "pooled 4" },
    { "name": "project post-startup dumb-aware activities", "duration": 4356, "start": 13471, "end": 17827, "thread": "pooled 4" },
    { "name": "project dumb post-startup", "duration": 38, "start": 18391, "end": 18429, "thread": "edt" },
    { "name": "system dock menu", "duration": 6, "start": 18561, "end": 18567, "thread": "edt" }
  ],
  "GCs": [
    { "name": "1", "duration": 24, "start": 10028, "end": 10052, "thread": "pool-2-thread-1" },
    { "name": "2", "duration": 20, "start": 12072, "end": 12092, "thread": "pool-2-thread-1" },
    { "name": "3", "duration": 32, "start": 14514, "end": 14546, "thread": "pool-2-thread-1" },
    { "name": "4", "duration": 33, "start": 15825, "end": 15858, "thread": "pool-2-thread-1" },
    { "name": "5", "duration": 27, "start": 16084, "end": 16111, "thread": "pool-2-thread-1" },
    { "name": "6", "duration": 13, "start": 16834, "end": 16847, "thread": "pool-2-thread-1" },
    { "name": "7", "duration": 14, "start": 17091, "end": 17105, "thread": "pool-2-thread-1" },
    { "name": "8", "duration": 21, "start": 17766, "end": 17787, "thread": "pool-2-thread-1" },
    { "name": "9", "duration": 28, "start": 18606, "end": 18634, "thread": "pool-2-thread-1" },
    { "name": "10", "duration": 10, "start": 19356, "end": 19366, "thread": "pool-2-thread-1" }
  ],
  "appComponents": [
    { "name": "com.intellij.openapi.util.registry.RegistryState", "duration": 89, "start": 4362, "end": 4451, "thread": "edt", "plugin": "com.intellij" },
    { "name": "com.intellij.openapi.vfs.newvfs.persistent.PersistentFSImpl", "duration": 97, "start": 4451, "end": 4549, "thread": "edt", "plugin": "com.intellij" },
    { "name": "com.intellij.openapi.vfs.PlatformVirtualFileManager", "duration": 42, "start": 4549, "end": 4591, "thread": "edt", "plugin": "com.intellij" },
    { "name": "com.intellij.openapi.project.impl.ProjectManagerImpl", "duration": 38, "start": 4591, "end": 4630, "thread": "edt", "plugin": "com.intellij" },
    { "name": "com.intellij.openapi.fileTypes.impl.FileTypeManagerImpl", "duration": 346, "start": 4630, "end": 4976, "thread": "edt", "plugin": "com.intellij" },
    { "name": "com.intellij.openapi.fileEditor.impl.FileDocumentManagerImpl", "duration": 13, "start": 4977, "end": 4990, "thread": "edt", "plugin": "com.intellij" },
    { "name": "com.intellij.openapi.editor.impl.EditorFactoryImpl", "duration": 55, "start": 4990, "end": 5458, "thread": "edt", "plugin": "com.intellij" },
    { "name": "com.intellij.openapi.actionSystem.impl.ActionManagerImpl", "duration": 411, "start": 4991, "end": 5404, "thread": "edt", "plugin": "com.intellij" },
    { "name": "com.intellij.util.net.HttpConfigurable", "duration": 52, "start": 5415, "end": 5467, "thread": "pooled 2", "plugin": "com.intellij" },
    { "name": "com.intellij.history.integration.LocalHistoryImpl", "duration": 30, "start": 5458, "end": 5488, "thread": "edt", "plugin": "com.intellij" },
    { "name": "com.intellij.openapi.command.impl.UndoManagerImpl", "duration": 27, "start": 5488, "end": 5516, "thread": "edt", "plugin": "com.intellij" },
    { "name": "com.intellij.ide.ui.laf.LafManagerImpl", "duration": 2234, "start": 5520, "end": 7768, "thread": "edt", "plugin": "com.intellij" },
    { "name": "com.intellij.util.net.ssl.CertificateManager", "duration": 13, "start": 5929, "end": 5942, "thread": "pooled 2", "plugin": "com.intellij" },
    { "name": "com.intellij.diagnostic.PerformanceWatcher", "duration": 17, "start": 7768, "end": 7786, "thread": "edt", "plugin": "com.intellij" },
    { "name": "com.intellij.diagnostic.DebugLogManager", "duration": 11, "start": 7795, "end": 7807, "thread": "edt", "plugin": "com.intellij" },
    { "name": "com.intellij.openapi.wm.impl.WindowManagerImpl", "duration": 28, "start": 7813, "end": 7844, "thread": "edt", "plugin": "com.intellij" },
    { "name": "com.intellij.ide.IdeTooltipManager", "duration": 17, "start": 7853, "end": 7870, "thread": "edt", "plugin": "com.intellij" },
    { "name": "com.intellij.util.indexing.FileBasedIndexImpl", "duration": 75, "start": 7884, "end": 7959, "thread": "edt", "plugin": "com.intellij" },
    { "name": "com.intellij.psi.stubs.SerializationManagerImpl", "duration": 16, "start": 7971, "end": 7987, "thread": "edt", "plugin": "com.intellij" },
    { "name": "com.intellij.execution.ExecutorRegistryImpl", "duration": 20, "start": 7988, "end": 8008, "thread": "edt", "plugin": "com.intellij" },
    { "name": "com.intellij.compiler.server.BuildManager", "duration": 14, "start": 8009, "end": 8024, "thread": "edt", "plugin": "com.intellij.java" },
    { "name": "com.intellij.openapi.module.WebModuleTypeRegistrar", "duration": 22, "start": 8025, "end": 8047, "thread": "edt", "plugin": "com.intellij.java" },
    { "name": "com.intellij.stats.sender.SenderComponent", "duration": 17, "start": 8047, "end": 8065, "thread": "edt", "plugin": "com.intellij.stats.completion" },
    { "name": "org.jetbrains.kotlin.idea.PluginStartupComponent", "duration": 109, "start": 8073, "end": 8182, "thread": "edt", "plugin": "org.jetbrains.kotlin" },
    { "name": "org.jetbrains.kotlin.idea.JvmPluginStartupComponent", "duration": 29, "start": 8183, "end": 8212, "thread": "edt", "plugin": "org.jetbrains.kotlin" },
    { "name": "org.jetbrains.android.AndroidPlugin", "duration": 104, "start": 8213, "end": 8317, "thread": "edt", "plugin": "org.jetbrains.android" },
    { "name": "com.android.tools.idea.updater.AndroidSdkUpdaterPlugin", "duration": 27, "start": 8317, "end": 8345, "thread": "edt", "plugin": "org.jetbrains.android" },
    { "name": "org.jetbrains.plugins.textmate.TextMateApplicationComponent", "duration": 21, "start": 8345, "end": 8367, "thread": "edt", "plugin": "org.jetbrains.plugins.textmate" },
    { "name": "Other", "duration": 67, "start": 8345, "end": 8367 }
  ],
  "appExtensions": [
    { "name": "com.intellij.openapi.fileTypes.FileTypeBean", "duration": 25, "start": 4646, "end": 4672, "thread": "edt" },
    { "name": "com.intellij.openapi.fileTypes.FileTypeFactory", "duration": 73, "start": 4675, "end": 4748, "thread": "edt" },
    { "name": "org.jetbrains.plugins.groovy.extensions.GroovyScriptTypeDetector", "duration": 27, "start": 4846, "end": 4874, "thread": "edt" },
    { "name": "com.intellij.internal.statistic.eventLog.StatisticsEventLoggerProvider", "duration": 10, "start": 5123, "end": 5134, "thread": "edt" },
    { "name": "com.intellij.lang.MetaLanguage", "duration": 16, "start": 8236, "end": 8253, "thread": "IndexInfrastructure Pool" },
    { "name": "com.intellij.openapi.roots.libraries.LibraryType", "duration": 26, "start": 8394, "end": 8421, "thread": "edt" },
    { "name": "com.intellij.psi.compiled.ClassFileDecompilers$Decompiler", "duration": 643, "start": 8980, "end": 9623, "thread": "IndexInfrastructure Pool" },
    { "name": "com.intellij.conversion.ConverterProvider", "duration": 106, "start": 9583, "end": 9689, "thread": "pooled 4" },
    { "name": "com.intellij.facet.FacetType", "duration": 12, "start": 9712, "end": 9724, "thread": "pooled 4" },
    { "name": "com.intellij.codeInsight.template.impl.DefaultLiveTemplatesProvider", "duration": 87, "start": 10123, "end": 10211, "thread": "Preloader Pool" },
    { "name": "com.intellij.codeInsight.template.TemplateContextType", "duration": 91, "start": 10253, "end": 10345, "thread": "Preloader Pool" },
    { "name": "com.intellij.xdebugger.breakpoints.XBreakpointType", "duration": 40, "start": 11547, "end": 11588, "thread": "pooled 4" },
    { "name": "com.intellij.codeHighlighting.TextEditorHighlightingPassFactoryRegistrar", "duration": 28, "start": 11808, "end": 11836, "thread": "pooled 4" },
    { "name": "com.intellij.psi.codeStyle.CodeStyleSettingsProvider", "duration": 13, "start": 11890, "end": 11903, "thread": "pooled 4" },
    { "name": "com.intellij.psi.codeStyle.LanguageCodeStyleSettingsProvider", "duration": 19, "start": 11916, "end": 11935, "thread": "pooled 4" },
    { "name": "com.intellij.openapi.projectRoots.SdkType", "duration": 10, "start": 12167, "end": 12177, "thread": "ModuleManager Loader" },
    { "name": "com.intellij.ide.scratch.RootType", "duration": 10, "start": 12313, "end": 12324, "thread": "pooled 6" },
    { "name": "com.intellij.ide.actions.runAnything.activity.RunAnythingProvider", "duration": 43, "start": 12395, "end": 12439, "thread": "edt" },
    { "name": "com.intellij.ide.TypeNameEP", "duration": 19, "start": 12617, "end": 12636, "thread": "Preloader Pool" },
    { "name": "com.intellij.openapi.roots.impl.FilePropertyPusher", "duration": 12, "start": 13211, "end": 13224, "thread": "pooled 4" },
    { "name": "com.intellij.openapi.wm.ToolWindowEP", "duration": 18, "start": 13510, "end": 13529, "thread": "pooled 4" },
    { "name": "com.intellij.codeInspection.LocalInspectionEP", "duration": 294, "start": 13578, "end": 13872, "thread": "pooled 4" },
    { "name": "com.intellij.codeInspection.InspectionEP", "duration": 20, "start": 13880, "end": 13900, "thread": "pooled 4" },
    { "name": "com.intellij.codeInspection.ex.InspectionElementsMerger", "duration": 96, "start": 13924, "end": 14020, "thread": "pooled 4" },
    { "name": "com.intellij.debugger.streams.lib.LibrarySupportProvider", "duration": 366, "start": 13944, "end": 14311, "thread": "Preloader Pool" },
    { "name": "com.intellij.codeInspection.naming.NamingConvention", "duration": 22, "start": 13951, "end": 13974, "thread": "pooled 4" },
    { "name": "com.intellij.javaee.StandardResourceProvider", "duration": 11, "start": 13952, "end": 13963, "thread": "pooled 2" },
    { "name": "com.intellij.codeInspection.naming.NamingConvention", "duration": 17, "start": 13978, "end": 13995, "thread": "pooled 4" },
    { "name": "com.intellij.codeInsight.editorActions.TypedHandlerDelegate", "duration": 865, "start": 14944, "end": 15810, "thread": "Preloader Pool" },
    { "name": "com.intellij.openapi.editor.ElementColorProvider", "duration": 30, "start": 15947, "end": 15978, "thread": "Preloader Pool" },
    { "name": "org.jetbrains.kotlin.platform.IdePlatformKind", "duration": 12, "start": 17265, "end": 17277, "thread": "pooled 4" },
    { "name": "org.jetbrains.kotlin.idea.platform.IdePlatformKindTooling", "duration": 33, "start": 17290, "end": 17323, "thread": "pooled 4" },
    { "name": "com.intellij.ide.IconProvider", "duration": 22, "start": 18270, "end": 18293, "thread": "OurIconsCalculating Pool" },
    { "name": "com.intellij.ide.IconLayerProvider", "duration": 11, "start": 18294, "end": 18305, "thread": "OurIconsCalculating Pool" }
  ],
  "appOptionsTopHitProviders": [
    { "name": "com.intellij.codeInsight.intention.impl.config.IntentionsOptionsTopHitProvider", "duration": 1671, "start": 8426, "end": 10098, "thread": "Preloader Pool", "plugin": "com.intellij" },
    { "name": "com.intellij.codeInsight.template.impl.LiveTemplatesOptionsTopHitProvider", "duration": 439, "start": 10102, "end": 10542, "thread": "Preloader Pool", "plugin": "com.intellij" },
    { "name": "com.intellij.application.options.editor.EditorOptionsTopHitProvider", "duration": 317, "start": 17841, "end": 18158, "thread": "edt", "plugin": "com.intellij" },
    { "name": "com.intellij.application.options.editor.EditorSmartKeysOptionsTopHitProvider", "duration": 87, "start": 18666, "end": 18753, "thread": "edt", "plugin": "com.intellij" },
    { "name": "com.intellij.application.options.editor.EditorTabsOptionsTopHitProvider", "duration": 746, "start": 19006, "end": 19753, "thread": "edt", "plugin": "com.intellij" },
    { "name": "com.intellij.application.options.editor.CodeFoldingOptionsTopHitProvider", "duration": 67, "start": 19880, "end": 19947, "thread": "edt", "plugin": "com.intellij" },
    { "name": "org.intellij.images.options.impl.ImagesOptionsTopHitProvider", "duration": 142, "start": 20136, "end": 20279, "thread": "edt", "plugin": "com.intellij" },
    { "name": "com.intellij.uiDesigner.GuiDesignerOptionsTopHitProvider", "duration": 20, "start": 20370, "end": 20391, "thread": "edt", "plugin": "com.intellij.uiDesigner" }
  ],
  "appServices": [
    { "name": "com.intellij.configurationStore.ApplicationStoreImpl", "duration": 12, "start": 4325, "end": 4338, "thread": "edt" },
    { "name": "com.intellij.openapi.progress.impl.ProgressManagerImpl", "duration": 10, "start": 4349, "end": 4360, "thread": "edt" },
    { "name": "com.intellij.ide.macro.IdePathMacros", "duration": 32, "start": 4390, "end": 4422, "thread": "edt" },
    { "name": "com.intellij.ide.util.AppPropertiesComponentImpl", "duration": 15, "start": 4434, "end": 4449, "thread": "edt" },
    { "name": "com.intellij.ide.RecentProjectsManagerBase", "duration": 22, "start": 4604, "end": 4627, "thread": "edt" },
    { "name": "com.intellij.openapi.editor.impl.EditorActionManagerImpl", "duration": 417, "start": 4991, "end": 5409, "thread": "edt" },
    { "name": "com.intellij.internal.statistic.collectors.fus.actions.persistence.ActionsCollectorImpl", "duration": 88, "start": 5008, "end": 5096, "thread": "edt" },
    { "name": "com.intellij.openapi.keymap.impl.KeymapManagerImpl", "duration": 12, "start": 5044, "end": 5057, "thread": "edt" },
    { "name": "com.intellij.ide.ui.UISettings", "duration": 32, "start": 5109, "end": 5142, "thread": "edt" },
    { "name": "com.intellij.ide.ui.NotRoamableUiSettings", "duration": 24, "start": 5110, "end": 5134, "thread": "edt" },
    { "name": "com.intellij.openapi.module.impl.JavaAwareModuleTypeManagerImpl", "duration": 19, "start": 8027, "end": 8046, "thread": "edt" },
    { "name": "com.intellij.xdebugger.impl.settings.XDebuggerSettingManagerImpl", "duration": 21, "start": 8191, "end": 8212, "thread": "edt" },
    { "name": "com.android.tools.idea.gradle.project.sync.GradleSyncInvoker", "duration": 25, "start": 8287, "end": 8313, "thread": "edt" },
    { "name": "com.android.tools.idea.gradle.project.sync.precheck.PreSyncChecks", "duration": 16, "start": 8296, "end": 8313, "thread": "edt" },
    { "name": "com.android.tools.idea.gradle.project.sync.SdkSync", "duration": 11, "start": 8301, "end": 8312, "thread": "edt" },
    { "name": "com.intellij.openapi.updateSettings.impl.UpdateSettings", "duration": 12, "start": 8329, "end": 8341, "thread": "edt" },
    { "name": "org.jetbrains.plugins.textmate.TextMateServiceImpl", "duration": 16, "start": 8347, "end": 8364, "thread": "edt" },
    { "name": "com.intellij.codeInsight.intention.impl.config.IntentionManagerSettings", "duration": 1666, "start": 8428, "end": 10095, "thread": "Preloader Pool" },
    { "name": "com.intellij.util.xml.impl.ConverterManagerImpl", "duration": 15, "start": 8469, "end": 8484, "thread": "edt" },
    { "name": "com.intellij.diagnostic.GcPauseWatcher", "duration": 11, "start": 8631, "end": 8642, "thread": "edt" },
    { "name": "com.intellij.ide.ui.customization.CustomActionsSchema", "duration": 15, "start": 8923, "end": 8938, "thread": "edt" },
    { "name": "com.intellij.util.xml.impl.DomApplicationComponent", "duration": 14, "start": 9624, "end": 9638, "thread": "IndexInfrastructure Pool" },
    { "name": "com.intellij.codeInsight.template.impl.TemplateSettings", "duration": 421, "start": 10119, "end": 10541, "thread": "Preloader Pool" },
    { "name": "com.intellij.ide.todo.TodoConfiguration", "duration": 84, "start": 11384, "end": 11468, "thread": "pooled 4" },
    { "name": "com.intellij.openapi.editor.colors.impl.EditorColorsManagerImpl", "duration": 80, "start": 11386, "end": 11466, "thread": "pooled 4" },
    { "name": "com.intellij.openapi.editor.colors.ex.DefaultColorSchemesManager", "duration": 29, "start": 11393, "end": 11422, "thread": "pooled 4" },
    { "name": "com.intellij.openapi.projectRoots.impl.JavaAwareProjectJdkTableImpl", "duration": 49, "start": 12156, "end": 12206, "thread": "ModuleManager Loader" },
    { "name": "com.intellij.ide.scratch.ScratchFileServiceImpl", "duration": 25, "start": 12306, "end": 12331, "thread": "pooled 6" },
    { "name": "com.intellij.ide.TypePresentationServiceImpl", "duration": 26, "start": 12610, "end": 12636, "thread": "Preloader Pool" },
    { "name": "com.intellij.openapi.externalSystem.service.project.manage.ProjectDataManagerImpl", "duration": 47, "start": 14375, "end": 14423, "thread": "pooled 4" },
    { "name": "com.intellij.openapi.externalSystem.service.ExternalSystemFacadeManager", "duration": 14, "start": 14382, "end": 14396, "thread": "edt" },
    { "name": "git4idea.config.GitExecutableManager", "duration": 57, "start": 16329, "end": 16386, "thread": "pooled 6" }
  ],
  "preloadActivities": [
    { "name": "com.intellij.ide.ui.OptionsTopHitProvider$Activity", "duration": 2151, "start": 8393, "end": 10545, "thread": "Preloader Pool" },
    { "name": "com.intellij.openapi.actionSystem.impl.ActionPreloader", "duration": 5264, "start": 10545, "end": 15810, "thread": "Preloader Pool" }
  ],
  "prepareAppInitActivities": [
    { "name": "init AWT Toolkit", "duration": 0, "start": 1131, "end": 1131, "thread": "edt" },
    { "name": "init default LaF", "duration": 134, "start": 1131, "end": 1265, "thread": "edt" },
    { "name": "splash initialization", "duration": 974, "start": 1268, "end": 2243, "thread": "edt" },
    { "name": "setup system libs", "duration": 4, "start": 1909, "end": 1913, "thread": "pooled 3" },
    { "name": "fix process env", "duration": 21, "start": 1913, "end": 1934, "thread": "pooled 3" },
    { "name": "load system libs", "duration": 148, "start": 1921, "end": 2069, "thread": "pooled 5" },
    { "name": "configure html kit", "duration": 75, "start": 2243, "end": 2319, "thread": "edt" },
    { "name": "init system font data", "duration": 1, "start": 2319, "end": 2320, "thread": "pooled 4" },
    { "name": "plugin initialization", "duration": 998, "start": 2451, "end": 3450, "thread": "idea main" },
    { "name": "plugin descriptors loading", "duration": 828, "start": 2478, "end": 3307, "thread": "idea main" },
    { "name": "mac touchbar", "duration": 121, "start": 2830, "end": 2952, "thread": "pooled 1" },
    { "name": "app extension registration", "duration": 36, "start": 3450, "end": 3487, "thread": "idea main" },
    { "name": "app component registration", "duration": 769, "start": 3488, "end": 4257, "thread": "idea main" },
    { "name": "init system properties", "duration": 1, "start": 3489, "end": 3490, "thread": "pooled 2" },
    { "name": "add registry keys", "duration": 501, "start": 3490, "end": 3992, "thread": "pooled 2" },
    { "name": "add message bus listeners", "duration": 0, "start": 3992, "end": 3992, "thread": "pooled 2" }
  ],
  "projectComponents": [
    { "name": "com.intellij.profile.codeInspection.ProjectInspectionProfileManager", "duration": 39, "start": 10829, "end": 10868, "thread": "pooled 4", "plugin": "com.intellij" },
    { "name": "com.intellij.openapi.vfs.encoding.EncodingProjectManagerImpl", "duration": 10, "start": 10875, "end": 10886, "thread": "pooled 4", "plugin": "com.intellij" },
    { "name": "com.intellij.openapi.wm.impl.ToolWindowManagerImpl", "duration": 23, "start": 10886, "end": 10910, "thread": "pooled 4", "plugin": "com.intellij" },
    { "name": "com.intellij.openapi.fileEditor.impl.PsiAwareFileEditorManagerImpl", "duration": 16, "start": 10912, "end": 10968, "thread": "pooled 4", "plugin": "com.intellij" },
    { "name": "com.intellij.psi.impl.PsiManagerImpl", "duration": 22, "start": 10924, "end": 10961, "thread": "pooled 4", "plugin": "com.intellij" },
    { "name": "com.intellij.openapi.roots.impl.ProjectRootManagerComponent", "duration": 15, "start": 10929, "end": 10945, "thread": "pooled 4", "plugin": "com.intellij" },
    { "name": "com.intellij.openapi.vcs.impl.ProjectLevelVcsManagerImpl", "duration": 26, "start": 10970, "end": 10996, "thread": "pooled 4", "plugin": "com.intellij" },
    { "name": "com.intellij.openapi.vcs.changes.ChangeListManagerImpl", "duration": 36, "start": 11000, "end": 11212, "thread": "pooled 4", "plugin": "com.intellij" },
    { "name": "com.intellij.openapi.vcs.changes.ChangesViewManager", "duration": 174, "start": 11004, "end": 11179, "thread": "pooled 4", "plugin": "com.intellij" },
    { "name": "com.intellij.openapi.vcs.changes.shelf.ShelvedChangesViewManager", "duration": 55, "start": 11226, "end": 11282, "thread": "pooled 4", "plugin": "com.intellij" },
    { "name": "com.intellij.openapi.vcs.changes.committed.CommittedChangesCache", "duration": 10, "start": 11282, "end": 11292, "thread": "pooled 4", "plugin": "com.intellij" },
    { "name": "com.intellij.psi.impl.PsiDocumentManagerImpl", "duration": 10, "start": 11296, "end": 11306, "thread": "pooled 4", "plugin": "com.intellij" },
    { "name": "com.intellij.openapi.module.impl.ModuleManagerComponent", "duration": 29, "start": 11306, "end": 11336, "thread": "pooled 4", "plugin": "com.intellij" },
    { "name": "com.intellij.codeInsight.daemon.impl.DaemonCodeAnalyzerImpl", "duration": 22, "start": 11353, "end": 11377, "thread": "pooled 4", "plugin": "com.intellij" },
    { "name": "com.intellij.codeInsight.daemon.impl.DaemonListeners", "duration": 105, "start": 11377, "end": 11483, "thread": "pooled 4", "plugin": "com.intellij" },
    { "name": "com.intellij.codeInsight.navigation.CtrlMouseHandler", "duration": 16, "start": 11492, "end": 11509, "thread": "pooled 4", "plugin": "com.intellij" },
    { "name": "com.intellij.xdebugger.impl.XDebuggerManagerImpl", "duration": 90, "start": 11522, "end": 11612, "thread": "pooled 4", "plugin": "com.intellij" },
    { "name": "com.intellij.packaging.impl.artifacts.ArtifactManagerImpl", "duration": 21, "start": 11631, "end": 11652, "thread": "pooled 4", "plugin": "com.intellij.java" },
    { "name": "com.intellij.compiler.CompilerConfigurationImpl", "duration": 17, "start": 11653, "end": 11671, "thread": "pooled 4", "plugin": "com.intellij.java" },
    { "name": "com.intellij.debugger.impl.DebuggerManagerImpl", "duration": 12, "start": 11677, "end": 11690, "thread": "pooled 4", "plugin": "com.intellij.java" },
    { "name": "com.intellij.execution.testDiscovery.TestDiscoveryIndex", "duration": 10, "start": 11702, "end": 11712, "thread": "pooled 4", "plugin": "com.intellij.java" },
    { "name": "com.intellij.execution.scratch.JavaScratchCompilationSupport", "duration": 21, "start": 11712, "end": 11733, "thread": "pooled 4", "plugin": "com.intellij.java" },
    { "name": "com.intellij.compiler.backwardRefs.CompilerReferenceServiceImpl", "duration": 15, "start": 11733, "end": 11748, "thread": "pooled 4", "plugin": "com.intellij.java" },
    { "name": "org.jetbrains.kotlin.idea.highlighter.KotlinBeforeResolveHighlightingPass$Factory", "duration": 38, "start": 11805, "end": 11844, "thread": "pooled 4", "plugin": "org.jetbrains.kotlin" },
    { "name": "org.jetbrains.kotlin.idea.completion.LookupCancelWatcher", "duration": 15, "start": 11844, "end": 11860, "thread": "pooled 4", "plugin": "org.jetbrains.kotlin" },
    { "name": "org.jetbrains.kotlin.idea.configuration.ui.KotlinConfigurationCheckerComponent", "duration": 69, "start": 11869, "end": 11938, "thread": "pooled 4", "plugin": "org.jetbrains.kotlin" },
    { "name": "com.android.tools.adtui.workbench.DetachedToolWindowManager", "duration": 11, "start": 11940, "end": 11951, "thread": "pooled 4", "plugin": "org.jetbrains.android" },
    { "name": "com.android.tools.idea.gradle.project.AndroidGradleProjectComponent", "duration": 22, "start": 11956, "end": 11978, "thread": "pooled 4", "plugin": "org.jetbrains.android" },
    { "name": "com.android.tools.idea.res.PsiProjectListener", "duration": 19, "start": 11978, "end": 11998, "thread": "pooled 4", "plugin": "org.jetbrains.android" },
    { "name": "org.jetbrains.plugins.terminal.TerminalView", "duration": 18, "start": 12010, "end": 12028, "thread": "pooled 4", "plugin": "org.jetbrains.plugins.terminal" },
    { "name": "Other", "duration": 197, "start": 12010, "end": 12028 }
  ],
  "projectExtensions": [
    { "name": "com.intellij.openapi.wm.IdeRootPaneNorthExtension", "duration": 11, "start": 12295, "end": 12306, "thread": "edt" },
    { "name": "com.intellij.psi.search.scope.packageSet.CustomScopesProvider", "duration": 31, "start": 13515, "end": 13546, "thread": "pooled 6" }
  ],
  "projectOpenHandlers": [
    { "name": "com.intellij.ide.RecentProjectsManagerBase$MyProjectListener", "duration": 12, "start": 12266, "end": 12279, "thread": "edt" },
    { "name": "com.intellij.openapi.vcs.changes.ChangesViewManager", "duration": 275, "start": 12687, "end": 12963, "thread": "edt" },
    { "name": "com.intellij.openapi.roots.impl.ProjectRootManagerComponent", "duration": 28, "start": 12965, "end": 12993, "thread": "edt" },
    { "name": "com.android.tools.idea.editors.theme.AndroidThemePreviewToolWindowManager", "duration": 168, "start": 13034, "end": 13202, "thread": "edt", "plugin": "org.jetbrains.android" },
    { "name": "Other", "duration": 46, "start": 13203, "end": 13203 }
  ],
  "projectOptionsTopHitProviders": [
    { "name": "com.intellij.ui.tabs.FileColorsOptionsTopHitProvider", "duration": 40, "start": 13510, "end": 13551, "thread": "pooled 6", "plugin": "com.intellij" },
    { "name": "com.intellij.ide.ui.InspectionsTopHitProvider", "duration": 2552, "start": 13553, "end": 16106, "thread": "pooled 6", "plugin": "com.intellij" },
    { "name": "com.intellij.openapi.vcs.configurable.VcsOptionsTopHitProvider", "duration": 71, "start": 16107, "end": 16179, "thread": "pooled 6", "plugin": "com.intellij" },
    { "name": "org.jetbrains.idea.svn.SvnOptionsTopHitProvider", "duration": 33, "start": 16182, "end": 16215, "thread": "pooled 6", "plugin": "Subversion" },
    { "name": "git4idea.config.GitOptionsTopHitProvider", "duration": 207, "start": 16219, "end": 16426, "thread": "pooled 6", "plugin": "Git4Idea" },
    { "name": "com.intellij.application.options.editor.EditorOptionsTopHitProvider", "duration": 90, "start": 18287, "end": 18377, "thread": "edt", "plugin": "com.intellij" },
    { "name": "com.intellij.application.options.editor.EditorSmartKeysOptionsTopHitProvider", "duration": 29, "start": 18775, "end": 18805, "thread": "edt", "plugin": "com.intellij" },
    { "name": "com.intellij.application.options.editor.EditorTabsOptionsTopHitProvider", "duration": 59, "start": 19789, "end": 19848, "thread": "edt", "plugin": "com.intellij" },
    { "name": "com.intellij.application.options.editor.CodeFoldingOptionsTopHitProvider", "duration": 35, "start": 19958, "end": 19993, "thread": "edt", "plugin": "com.intellij" },
    { "name": "com.intellij.application.options.editor.AutoImportOptionsTopHitProvider", "duration": 111, "start": 20024, "end": 20135, "thread": "edt", "plugin": "com.intellij" },
    { "name": "org.intellij.images.options.impl.ImagesOptionsTopHitProvider", "duration": 38, "start": 20291, "end": 20329, "thread": "edt", "plugin": "com.intellij" },
    { "name": "com.intellij.uiDesigner.GuiDesignerOptionsTopHitProvider", "duration": 35, "start": 20391, "end": 20426, "thread": "edt", "plugin": "com.intellij.uiDesigner" }
  ],
  "projectPostStartupActivities": [
    { "name": "com.intellij.util.indexing.FileBasedIndexProjectHandler$$Lambda$861/0x0000000800d7a040", "duration": 20, "start": 13209, "end": 13230, "thread": "pooled 4", "plugin": "com.intellij" },
    { "name": "com.intellij.openapi.vcs.impl.ModuleVcsDetector$$special$$inlined$with$lambda$1", "duration": 10, "start": 13230, "end": 13240, "thread": "pooled 4", "plugin": "com.intellij" },
    { "name": "com.intellij.openapi.wm.impl.ToolWindowManagerImpl$InitToolWindowsActivity", "duration": 23, "start": 13510, "end": 13534, "thread": "pooled 4", "plugin": "com.intellij" },
    { "name": "com.intellij.profile.codeInspection.ProjectInspectionProfileManager$ProjectInspectionProfileStartUpActivity", "duration": 654, "start": 13548, "end": 14203, "thread": "pooled 4", "plugin": "com.intellij" },
    { "name": "com.intellij.openapi.externalSystem.service.ExternalSystemStartupActivity", "duration": 154, "start": 14220, "end": 14374, "thread": "pooled 4", "plugin": "com.intellij" },
    { "name": "com.intellij.openapi.externalSystem.service.project.manage.ReprocessContentRootDataActivity", "duration": 53, "start": 14375, "end": 14428, "thread": "pooled 4", "plugin": "com.intellij" },
    { "name": "com.intellij.jarRepository.RepositoryLibrarySynchronizer", "duration": 17, "start": 14462, "end": 14480, "thread": "pooled 4", "plugin": "com.intellij.java" },
    { "name": "git4idea.conflicts.GitConflictsToolWindowManager$Starter", "duration": 73, "start": 14487, "end": 14560, "thread": "pooled 4", "plugin": "Git4Idea" },
    { "name": "org.jetbrains.plugins.groovy.mvc.MvcProjectWithoutLibraryNotificator", "duration": 88, "start": 14587, "end": 14676, "thread": "pooled 4", "plugin": "org.intellij.groovy" },
    { "name": "org.jetbrains.kotlin.idea.framework.CreateKotlinSdkActivity", "duration": 3094, "start": 14697, "end": 17791, "thread": "pooled 4", "plugin": "org.jetbrains.kotlin" },
    { "name": "org.jetbrains.plugins.groovy.mvc.MvcModuleStructureSynchronizer$$Lambda$896/0x0000000800e59440", "duration": 14, "start": 18394, "end": 18408, "thread": "edt", "plugin": "org.intellij.groovy" },
    { "name": "com.intellij.build.BuildContentManagerImpl$$Lambda$897/0x0000000800e59840", "duration": 17, "start": 18408, "end": 18425, "thread": "edt", "plugin": "com.intellij" }
  ],
  "projectServices": [
    { "name": "com.intellij.configurationStore.ProjectIdManager", "duration": 19, "start": 10809, "end": 10829, "thread": "pooled 4" },
    { "name": "com.intellij.openapi.roots.impl.ProjectFileIndexFacade", "duration": 18, "start": 10929, "end": 10948, "thread": "pooled 4" },
    { "name": "com.intellij.compiler.CompilerManagerImpl", "duration": 18, "start": 11713, "end": 11731, "thread": "pooled 4" },
    { "name": "com.intellij.codeInsight.daemon.impl.TextEditorHighlightingPassRegistrarImpl", "duration": 35, "start": 11808, "end": 11843, "thread": "pooled 4" },
    { "name": "com.android.tools.idea.res.ResourceFolderRegistry", "duration": 17, "start": 11979, "end": 11997, "thread": "pooled 4" },
    { "name": "com.intellij.execution.impl.RunManagerImpl", "duration": 25, "start": 12224, "end": 12249, "thread": "pooled 4" },
    { "name": "com.intellij.execution.ExecutionTargetManagerImpl", "duration": 10, "start": 13296, "end": 13307, "thread": "edt" },
    { "name": "com.android.tools.idea.gradle.project.sync.GradleSyncState", "duration": 19, "start": 13316, "end": 13335, "thread": "edt" },
    { "name": "com.intellij.ui.tabs.FileColorManagerImpl", "duration": 39, "start": 13511, "end": 13551, "thread": "pooled 6" },
    { "name": "com.intellij.execution.services.ServiceViewManagerImpl", "duration": 12, "start": 13709, "end": 13721, "thread": "edt" },
    { "name": "com.intellij.execution.dashboard.RunDashboardManagerImpl", "duration": 18, "start": 13722, "end": 13741, "thread": "0.Invoker.Background.Thread: com.intellij.execution.services.ServiceModel@7af2ea48" },
    { "name": "org.jetbrains.kotlin.idea.core.script.ScriptDependenciesManager", "duration": 28, "start": 13997, "end": 14025, "thread": "pooled 2" },
    { "name": "org.jetbrains.kotlin.idea.core.script.ScriptDependenciesUpdater", "duration": 17, "start": 14007, "end": 14025, "thread": "pooled 2" },
    { "name": "com.intellij.openapi.externalSystem.service.project.manage.ExternalProjectsManagerImpl", "duration": 79, "start": 14222, "end": 14302, "thread": "pooled 4" },
    { "name": "com.intellij.task.impl.ProjectTaskManagerImpl", "duration": 10, "start": 14363, "end": 14373, "thread": "pooled 4" },
    { "name": "org.jetbrains.kotlin.idea.compiler.configuration.KotlinCompilerSettings", "duration": 1558, "start": 14764, "end": 16322, "thread": "pooled 4" },
    { "name": "com.intellij.openapi.vcs.readOnlyHandler.ReadonlyStatusHandlerImpl", "duration": 52, "start": 16126, "end": 16178, "thread": "pooled 6" },
    { "name": "org.jetbrains.idea.svn.SvnConfiguration", "duration": 13, "start": 16201, "end": 16215, "thread": "pooled 6" },
    { "name": "git4idea.config.GitVcsSettings", "duration": 40, "start": 16222, "end": 16263, "thread": "pooled 6" },
    { "name": "git4idea.repo.GitRepositoryManager", "duration": 162, "start": 16264, "end": 16426, "thread": "pooled 6" },
    { "name": "org.jetbrains.kotlin.idea.compiler.configuration.KotlinCommonCompilerArgumentsHolder", "duration": 906, "start": 16323, "end": 17230, "thread": "pooled 4" },
    { "name": "org.jetbrains.kotlin.idea.compiler.configuration.Kotlin2JvmCompilerArgumentsHolder", "duration": 230, "start": 17358, "end": 17588, "thread": "pooled 4" }
  ],
  "totalDurationComputed": 17186,
  "totalDurationActual": 17824
}
=== Stop: StartUp Measurement === 
2020-01-13 21:40:31,755 [  19955]   INFO - .diagnostic.PerformanceWatcher - Indexable file iteration took 7896ms; general responsiveness: ok; EDT responsiveness: ok 
2020-01-13 21:40:31,765 [  19965]   INFO - penapi.project.DumbServiceImpl - Running dumb mode task: initial refresh 
2020-01-13 21:40:31,779 [  19979]   INFO - tellij.diagnostic.LoadingPhase - Reached INDEXING_FINISHED loading phase 
2020-01-13 21:40:31,780 [  19980]   INFO - penapi.project.DumbServiceImpl - updateFinished 
2020-01-13 21:40:31,781 [  19981]   INFO - g.FileBasedIndexProjectHandler - Has changed files: false; project=Project '/Users/josh/IdeaProjects/untitled' untitled 
2020-01-13 21:40:31,874 [  20074]   INFO - penapi.project.DumbServiceImpl - Running dumb mode task: com.android.tools.idea.res.ResourceFolderRepositoryFileCacheImpl$PruneTask@1a702816 
2020-01-13 21:40:31,916 [  20116]   INFO - penapi.project.DumbServiceImpl - Running dumb mode task: com.android.tools.idea.res.ResourceFolderRepositoryFileCacheImpl$ManageLruProjectFilesTask@27d45388 
2020-01-13 21:40:31,951 [  20151]   INFO - penapi.project.DumbServiceImpl - updateFinished 
2020-01-13 21:40:31,953 [  20153]   INFO - g.FileBasedIndexProjectHandler - Has changed files: false; project=Project '/Users/josh/IdeaProjects/untitled' untitled 
2020-01-13 21:40:31,983 [  20183]   INFO - penapi.project.DumbServiceImpl - Running dumb mode task: com.android.tools.idea.res.ResourceFolderRegistry$PopulateCachesTask@79d68aaf 
2020-01-13 21:40:31,994 [  20194]   INFO - penapi.project.DumbServiceImpl - updateFinished 
2020-01-13 21:40:31,997 [  20197]   INFO - g.FileBasedIndexProjectHandler - Has changed files: false; project=Project '/Users/josh/IdeaProjects/untitled' untitled 
2020-01-13 21:40:33,448 [  21648]   INFO - ings.impl.UpdateCheckerService - channel: release 
2020-01-13 21:40:38,098 [  26298]   INFO - CompilerWorkspaceConfiguration - Available processors: 4 
2020-01-13 21:40:39,451 [  27651]   INFO - rationStore.ComponentStoreImpl - Saving Project '/Users/josh/IdeaProjects/untitled' untitledProjectCodeStyleConfiguration took 14 ms 
2020-01-13 21:40:39,515 [  27715]   INFO - mponents.impl.stores.StoreUtil - saveProjectsAndApp took 321 ms 
2020-01-13 21:40:58,740 [  46940]   WARN - com.intellij.util.xmlb.Binding - no accessors for class org.jetbrains.kotlin.idea.highlighter.KotlinDefaultHighlightingSettingsProvider 
2020-01-13 21:41:22,045 [  70245]   INFO - rationStore.ComponentStoreImpl - Saving Project '/Users/josh/IdeaProjects/untitled' untitledKotlinCommonCompilerArguments took 14 ms, RunManager took 25 ms 
2020-01-13 21:41:25,353 [  73553]   INFO - stubs.SerializationManagerImpl - START StubSerializationManager SHUTDOWN 
2020-01-13 21:41:25,354 [  73554]   INFO - stubs.SerializationManagerImpl - END StubSerializationManager SHUTDOWN 
2020-01-13 21:41:25,354 [  73554]   INFO - il.indexing.FileBasedIndexImpl - START INDEX SHUTDOWN 
2020-01-13 21:41:25,408 [  73608]   INFO - il.indexing.FileBasedIndexImpl - END INDEX SHUTDOWN 
2020-01-13 21:41:25,411 [  73611]   INFO - org.jetbrains.io.BuiltInServer - web server stopped 
2020-01-13 21:41:25,415 [  73615]   INFO - Types.impl.FileTypeManagerImpl - FileTypeManager: 8 auto-detected files
Elapsed time on auto-detect: 56 ms 
2020-01-13 21:41:25,421 [  73621]   INFO - pl.local.NativeFileWatcherImpl - Watcher terminated with exit code 0 
2020-01-13 21:41:25,421 [  73621]   INFO - newvfs.persistent.PersistentFS - VFS dispose started 
2020-01-13 21:41:25,432 [  73632]   INFO - newvfs.persistent.PersistentFS - VFS dispose completed 
2020-01-13 21:41:25,434 [  73634]   INFO - plication.impl.ApplicationImpl - Write action Statistics:
Event number:     24
Total time spent: 1097ms
Average duration: 45ms
Median  duration: 3ms
Max     duration: 820ms (it was 'write action (class com.intellij.openapi.command.WriteCommandAction$$Lambda$2070/0x0000000801909c40)') 
2020-01-13 21:41:25,435 [  73635]   INFO - plication.impl.ApplicationImpl - AnAction.update() Statistics:
Event number:     2555
Total time spent: 1015ms
Average duration: 0ms
Median  duration: 0ms
Max     duration: 258ms (it was 'Run context configuration action update (class com.intellij.execution.actions.RunContextAction)') 
2020-01-13 21:41:25,435 [  73635]   INFO - plication.impl.ApplicationImpl - Global instance threads created counter = 7; ProcessIOExecutorService threads: 3 
2020-01-13 21:41:25,437 [  73637]   INFO -        #com.intellij.idea.Main - ------------------------------------------------------ IDE SHUTDOWN ------------------------------------------------------ 
2020-01-13 21:41:25,442 [  73642]   INFO - org.jetbrains.io.BuiltInServer - web server stopped 
